[2026-02-20 19:20:10Z INFO HostContext] No proxy settings were found based on environmental variables (http_proxy/https_proxy/HTTP_PROXY/HTTPS_PROXY)
[2026-02-20 19:20:10Z INFO HostContext] Well known directory 'Bin': 'C:\Users\jramos\Desktop\mold-change-dashboard motus\runner\bin'
[2026-02-20 19:20:10Z INFO HostContext] Well known directory 'Root': 'C:\Users\jramos\Desktop\mold-change-dashboard motus\runner'
[2026-02-20 19:20:10Z INFO HostContext] Well known config file 'Credentials': 'C:\Users\jramos\Desktop\mold-change-dashboard motus\runner\.credentials'
[2026-02-20 19:20:10Z INFO HostContext] Well known directory 'Bin': 'C:\Users\jramos\Desktop\mold-change-dashboard motus\runner\bin'
[2026-02-20 19:20:10Z INFO HostContext] Well known directory 'Root': 'C:\Users\jramos\Desktop\mold-change-dashboard motus\runner'
[2026-02-20 19:20:10Z INFO HostContext] Well known config file 'Runner': 'C:\Users\jramos\Desktop\mold-change-dashboard motus\runner\.runner'
[2026-02-20 19:20:10Z INFO Listener] Runner is built for Windows (X64) - win-x64.
[2026-02-20 19:20:10Z INFO Listener] RuntimeInformation: Microsoft Windows 10.0.26200.
[2026-02-20 19:20:10Z INFO Listener] Version: 2.321.0
[2026-02-20 19:20:10Z INFO Listener] Commit: e249007931b7c8e857797fa259c167f0bd4f997a
[2026-02-20 19:20:10Z INFO Listener] Culture: en-US
[2026-02-20 19:20:10Z INFO Listener] UI Culture: en-US
[2026-02-20 19:20:10Z INFO HostContext] Well known directory 'Bin': 'C:\Users\jramos\Desktop\mold-change-dashboard motus\runner\bin'
[2026-02-20 19:20:10Z INFO HostContext] Well known directory 'Root': 'C:\Users\jramos\Desktop\mold-change-dashboard motus\runner'
[2026-02-20 19:20:10Z INFO Listener] Validating directory permissions for: 'C:\Users\jramos\Desktop\mold-change-dashboard motus\runner'
[2026-02-20 19:20:10Z INFO CommandLineParser] Parse
[2026-02-20 19:20:10Z INFO CommandLineParser] Parsing 1 args
[2026-02-20 19:20:10Z INFO CommandLineParser] parsing argument
[2026-02-20 19:20:10Z INFO CommandLineParser] HasArgs: False
[2026-02-20 19:20:10Z INFO CommandLineParser] Adding Command: run
[2026-02-20 19:20:10Z INFO Listener] Arguments parsed
[2026-02-20 19:20:10Z INFO Runner] ExecuteCommand
[2026-02-20 19:20:10Z INFO ConfigurationStore] currentAssemblyLocation: C:\Users\jramos\Desktop\mold-change-dashboard motus\runner\bin\Runner.Listener.dll
[2026-02-20 19:20:10Z INFO HostContext] Well known directory 'Bin': 'C:\Users\jramos\Desktop\mold-change-dashboard motus\runner\bin'
[2026-02-20 19:20:10Z INFO ConfigurationStore] binPath: C:\Users\jramos\Desktop\mold-change-dashboard motus\runner\bin
[2026-02-20 19:20:10Z INFO HostContext] Well known directory 'Bin': 'C:\Users\jramos\Desktop\mold-change-dashboard motus\runner\bin'
[2026-02-20 19:20:10Z INFO HostContext] Well known directory 'Root': 'C:\Users\jramos\Desktop\mold-change-dashboard motus\runner'
[2026-02-20 19:20:10Z INFO ConfigurationStore] RootFolder: C:\Users\jramos\Desktop\mold-change-dashboard motus\runner
[2026-02-20 19:20:10Z INFO HostContext] Well known directory 'Bin': 'C:\Users\jramos\Desktop\mold-change-dashboard motus\runner\bin'
[2026-02-20 19:20:10Z INFO HostContext] Well known directory 'Root': 'C:\Users\jramos\Desktop\mold-change-dashboard motus\runner'
[2026-02-20 19:20:10Z INFO HostContext] Well known config file 'Runner': 'C:\Users\jramos\Desktop\mold-change-dashboard motus\runner\.runner'
[2026-02-20 19:20:10Z INFO ConfigurationStore] ConfigFilePath: C:\Users\jramos\Desktop\mold-change-dashboard motus\runner\.runner
[2026-02-20 19:20:10Z INFO HostContext] Well known directory 'Bin': 'C:\Users\jramos\Desktop\mold-change-dashboard motus\runner\bin'
[2026-02-20 19:20:10Z INFO HostContext] Well known directory 'Root': 'C:\Users\jramos\Desktop\mold-change-dashboard motus\runner'
[2026-02-20 19:20:10Z INFO HostContext] Well known config file 'Credentials': 'C:\Users\jramos\Desktop\mold-change-dashboard motus\runner\.credentials'
[2026-02-20 19:20:10Z INFO ConfigurationStore] CredFilePath: C:\Users\jramos\Desktop\mold-change-dashboard motus\runner\.credentials
[2026-02-20 19:20:10Z INFO HostContext] Well known directory 'Bin': 'C:\Users\jramos\Desktop\mold-change-dashboard motus\runner\bin'
[2026-02-20 19:20:10Z INFO HostContext] Well known directory 'Root': 'C:\Users\jramos\Desktop\mold-change-dashboard motus\runner'
[2026-02-20 19:20:10Z INFO HostContext] Well known config file 'MigratedCredentials': 'C:\Users\jramos\Desktop\mold-change-dashboard motus\runner\.credentials_migrated'
[2026-02-20 19:20:10Z INFO ConfigurationStore] MigratedCredFilePath: C:\Users\jramos\Desktop\mold-change-dashboard motus\runner\.credentials_migrated
[2026-02-20 19:20:10Z INFO HostContext] Well known directory 'Bin': 'C:\Users\jramos\Desktop\mold-change-dashboard motus\runner\bin'
[2026-02-20 19:20:10Z INFO HostContext] Well known directory 'Root': 'C:\Users\jramos\Desktop\mold-change-dashboard motus\runner'
[2026-02-20 19:20:10Z INFO HostContext] Well known config file 'Service': 'C:\Users\jramos\Desktop\mold-change-dashboard motus\runner\.service'
[2026-02-20 19:20:10Z INFO ConfigurationStore] ServiceConfigFilePath: C:\Users\jramos\Desktop\mold-change-dashboard motus\runner\.service
[2026-02-20 19:20:10Z INFO CommandSettings] Flag 'help': 'False'
[2026-02-20 19:20:10Z INFO CommandSettings] Flag 'version': 'False'
[2026-02-20 19:20:10Z INFO CommandSettings] Flag 'commit': 'False'
[2026-02-20 19:20:10Z INFO CommandSettings] Flag 'check': 'False'
[2026-02-20 19:20:10Z INFO CommandSettings] Command 'configure': 'False'
[2026-02-20 19:20:10Z INFO CommandSettings] Command 'remove': 'False'
[2026-02-20 19:20:10Z INFO CommandSettings] Command 'warmup': 'False'
[2026-02-20 19:20:10Z INFO ConfigurationManager] LoadSettings
[2026-02-20 19:20:10Z INFO ConfigurationStore] IsConfigured()
[2026-02-20 19:20:10Z INFO ConfigurationStore] IsConfigured: True
[2026-02-20 19:20:10Z INFO ConfigurationManager] Is configured: True
[2026-02-20 19:20:10Z INFO ConfigurationStore] Read setting file: 331 chars
[2026-02-20 19:20:10Z INFO ConfigurationManager] Settings Loaded
[2026-02-20 19:20:10Z INFO ConfigurationStore] IsServiceConfigured()
[2026-02-20 19:20:10Z INFO ConfigurationStore] IsServiceConfigured: False
[2026-02-20 19:20:10Z INFO CommandSettings] Command 'run': 'True'
[2026-02-20 19:20:10Z INFO ConfigurationStore] IsConfigured()
[2026-02-20 19:20:10Z INFO ConfigurationStore] IsConfigured: True
[2026-02-20 19:20:10Z INFO ConfigurationManager] Is configured: True
[2026-02-20 19:20:10Z INFO Runner] Could not parse the argument value '' for StartupType. Defaulting to Manual
[2026-02-20 19:20:10Z INFO Runner] Set runner startup type - Manual
[2026-02-20 19:20:10Z INFO CommandSettings] Flag 'once': 'False'
[2026-02-20 19:20:10Z INFO CommandSettings] Flag 'once': 'False'
[2026-02-20 19:20:10Z INFO Runner] RunAsync
[2026-02-20 19:20:10Z INFO ConfigurationManager] LoadSettings
[2026-02-20 19:20:10Z INFO ConfigurationStore] IsConfigured()
[2026-02-20 19:20:10Z INFO ConfigurationStore] IsConfigured: True
[2026-02-20 19:20:10Z INFO ConfigurationManager] Is configured: True
[2026-02-20 19:20:10Z INFO ConfigurationManager] Settings Loaded
[2026-02-20 19:20:10Z INFO MessageListener] {
  "AgentId": 2,
  "AgentName": "WindowsRunner-Motus",
  "PoolId": 1,
  "PoolName": "Default",
  "ServerUrl": "https://pipelinesghubeus7.actions.githubusercontent.com/NEKryiqQ3E0Lej0i4Pk3xrVrvZYaPytuDCx35Nw7k1hlB40cAz/",
  "GitHubUrl": "https://github.com/SosaJavier/mold-change-dashboard-motus",
  "WorkFolder": "_work"
}
[2026-02-20 19:20:10Z INFO MessageListener] Loading Credentials
[2026-02-20 19:20:10Z INFO ConfigurationStore] HasCredentials()
[2026-02-20 19:20:10Z INFO ConfigurationStore] stored True
[2026-02-20 19:20:10Z INFO CredentialManager] GetCredentialProvider
[2026-02-20 19:20:10Z INFO CredentialManager] Creating type OAuth
[2026-02-20 19:20:10Z INFO CredentialManager] Creating credential type: OAuth
[2026-02-20 19:20:10Z INFO HostContext] Well known directory 'Bin': 'C:\Users\jramos\Desktop\mold-change-dashboard motus\runner\bin'
[2026-02-20 19:20:10Z INFO HostContext] Well known directory 'Root': 'C:\Users\jramos\Desktop\mold-change-dashboard motus\runner'
[2026-02-20 19:20:10Z INFO HostContext] Well known config file 'RSACredentials': 'C:\Users\jramos\Desktop\mold-change-dashboard motus\runner\.credentials_rsaparams'
[2026-02-20 19:20:10Z INFO RSAEncryptedFileKeyManager] Loading RSA key parameters from file C:\Users\jramos\Desktop\mold-change-dashboard motus\runner\.credentials_rsaparams
[2026-02-20 19:20:10Z INFO MessageListener] Attempt to create session.
[2026-02-20 19:20:10Z INFO MessageListener] Connecting to the Runner Server...
[2026-02-20 19:20:10Z INFO RunnerServer] EstablishVssConnection
[2026-02-20 19:20:10Z INFO RunnerServer] Establish connection with 100 seconds timeout.
[2026-02-20 19:20:10Z INFO GitHubActionsService] Starting operation Location.GetConnectionData
[2026-02-20 19:20:10Z INFO RunnerServer] EstablishVssConnection
[2026-02-20 19:20:10Z INFO RunnerServer] Establish connection with 60 seconds timeout.
[2026-02-20 19:20:10Z INFO GitHubActionsService] Starting operation Location.GetConnectionData
[2026-02-20 19:20:10Z INFO RunnerServer] EstablishVssConnection
[2026-02-20 19:20:10Z INFO RunnerServer] Establish connection with 60 seconds timeout.
[2026-02-20 19:20:10Z INFO GitHubActionsService] Starting operation Location.GetConnectionData
[2026-02-20 19:20:10Z INFO GitHubActionsService] Finished operation Location.GetConnectionData
[2026-02-20 19:20:10Z INFO GitHubActionsService] Finished operation Location.GetConnectionData
[2026-02-20 19:20:10Z INFO GitHubActionsService] Finished operation Location.GetConnectionData
[2026-02-20 19:20:11Z INFO MessageListener] VssConnection created
[2026-02-20 19:20:11Z INFO Terminal] WRITE LINE: 
[2026-02-20 19:20:11Z INFO Terminal] WRITE LINE: 
[2026-02-20 19:20:11Z INFO RSAEncryptedFileKeyManager] Loading RSA key parameters from file C:\Users\jramos\Desktop\mold-change-dashboard motus\runner\.credentials_rsaparams
[2026-02-20 19:20:11Z INFO RSAEncryptedFileKeyManager] Loading RSA key parameters from file C:\Users\jramos\Desktop\mold-change-dashboard motus\runner\.credentials_rsaparams
[2026-02-20 19:20:11Z INFO GitHubActionsService] AAD Correlation ID for this token request: Unknown
[2026-02-20 19:20:11Z INFO MessageListener] Session created.
[2026-02-20 19:20:11Z INFO Terminal] WRITE LINE: Current runner version: '2.321.0'
[2026-02-20 19:20:11Z INFO Terminal] WRITE LINE: 2026-02-20 19:20:11Z: Listening for Jobs
[2026-02-20 19:20:11Z INFO JobDispatcher] Set runner/worker IPC timeout to 30 seconds.
[2026-02-20 19:20:11Z INFO RSAEncryptedFileKeyManager] Loading RSA key parameters from file C:\Users\jramos\Desktop\mold-change-dashboard motus\runner\.credentials_rsaparams
[2026-02-20 19:20:12Z INFO GitHubActionsService] AAD Correlation ID for this token request: Unknown
[2026-02-20 19:20:15Z INFO Terminal] WRITE LINE: Exiting...
[2026-02-20 19:20:15Z INFO ConfigurationStore] IsServiceConfigured()
[2026-02-20 19:20:15Z INFO ConfigurationStore] IsServiceConfigured: False
[2026-02-20 19:20:15Z INFO HostContext] Runner will be shutdown for UserCancelled
[2026-02-20 19:20:15Z WARN GitHubActionsService] GET request to https://broker.actions.githubusercontent.com/message?sessionId=22c9236a-41c6-408a-89f4-b88b6525b112&status=Online&runnerVersion=2.321.0&os=Windows&architecture=X64&disableUpdate=false has been cancelled.
[2026-02-20 19:20:15Z ERR  BrokerServer] Catch exception during request
[2026-02-20 19:20:15Z ERR  BrokerServer] System.Threading.Tasks.TaskCanceledException: The operation was canceled.
 ---> System.Threading.Tasks.TaskCanceledException: The operation was canceled.
 ---> System.IO.IOException: Unable to read data from the transport connection: The I/O operation has been aborted because of either a thread exit or an application request..
 ---> System.Net.Sockets.SocketException (995): The I/O operation has been aborted because of either a thread exit or an application request.
   --- End of inner exception stack trace ---
   at System.Net.Sockets.Socket.AwaitableSocketAsyncEventArgs.ThrowException(SocketError error, CancellationToken cancellationToken)
   at System.Net.Sockets.Socket.AwaitableSocketAsyncEventArgs.System.Threading.Tasks.Sources.IValueTaskSource<System.Int32>.GetResult(Int16 token)
   at System.Net.Security.SslStream.EnsureFullTlsFrameAsync[TIOAdapter](CancellationToken cancellationToken, Int32 estimatedSize)
   at System.Runtime.CompilerServices.PoolingAsyncValueTaskMethodBuilder`1.StateMachineBox`1.System.Threading.Tasks.Sources.IValueTaskSource<TResult>.GetResult(Int16 token)
   at System.Net.Security.SslStream.ReadAsyncInternal[TIOAdapter](Memory`1 buffer, CancellationToken cancellationToken)
   at System.Runtime.CompilerServices.PoolingAsyncValueTaskMethodBuilder`1.StateMachineBox`1.System.Threading.Tasks.Sources.IValueTaskSource<TResult>.GetResult(Int16 token)
   at System.Net.Http.HttpConnection.InitialFillAsync(Boolean async)
   at System.Net.Http.HttpConnection.SendAsync(HttpRequestMessage request, Boolean async, CancellationToken cancellationToken)
   --- End of inner exception stack trace ---
   at System.Net.Http.HttpConnection.SendAsync(HttpRequestMessage request, Boolean async, CancellationToken cancellationToken)
   at System.Net.Http.AuthenticationHelper.SendWithNtAuthAsync(HttpRequestMessage request, Uri authUri, Boolean async, ICredentials credentials, Boolean isProxyAuth, HttpConnection connection, HttpConnectionPool connectionPool, CancellationToken cancellationToken)
   at System.Net.Http.HttpConnectionPool.SendWithVersionDetectionAndRetryAsync(HttpRequestMessage request, Boolean async, Boolean doRequestAuth, CancellationToken cancellationToken)
   at System.Net.Http.AuthenticationHelper.SendWithAuthAsync(HttpRequestMessage request, Uri authUri, Boolean async, ICredentials credentials, Boolean preAuthenticate, Boolean isProxyAuth, Boolean doRequestAuth, HttpConnectionPool pool, CancellationToken cancellationToken)
   at System.Net.Http.RedirectHandler.SendAsync(HttpRequestMessage request, Boolean async, CancellationToken cancellationToken)
   at GitHub.Services.Common.RawHttpMessageHandler.SendAsync(HttpRequestMessage request, CancellationToken cancellationToken)
   at GitHub.Services.Common.VssHttpRetryMessageHandler.SendAsync(HttpRequestMessage request, CancellationToken cancellationToken)
   at System.Net.Http.HttpClient.<SendAsync>g__Core|83_0(HttpRequestMessage request, HttpCompletionOption completionOption, CancellationTokenSource cts, Boolean disposeCts, CancellationTokenSource pendingRequestsCts, CancellationToken originalCancellationToken)
   --- End of inner exception stack trace ---
   at System.Net.Http.HttpClient.HandleFailure(Exception e, Boolean telemetryStarted, HttpResponseMessage response, CancellationTokenSource cts, CancellationToken cancellationToken, CancellationTokenSource pendingRequestsCts)
   at System.Net.Http.HttpClient.<SendAsync>g__Core|83_0(HttpRequestMessage request, HttpCompletionOption completionOption, CancellationTokenSource cts, Boolean disposeCts, CancellationTokenSource pendingRequestsCts, CancellationToken originalCancellationToken)
   at Sdk.WebApi.WebApi.RawHttpClientBase.SendAsync(HttpRequestMessage message, HttpCompletionOption completionOption, Object userState, CancellationToken cancellationToken)
   at Sdk.WebApi.WebApi.RawHttpClientBase.SendAsync[T](HttpRequestMessage message, Boolean readErrorBody, Object userState, CancellationToken cancellationToken)
   at Sdk.WebApi.WebApi.RawHttpClientBase.SendAsync[T](HttpMethod method, IEnumerable`1 additionalHeaders, Uri requestUri, HttpContent content, IEnumerable`1 queryParameters, Boolean readErrorBody, Object userState, CancellationToken cancellationToken)
   at GitHub.Actions.RunService.WebApi.BrokerHttpClient.GetRunnerMessageAsync(Nullable`1 sessionId, String runnerVersion, Nullable`1 status, String os, String architecture, Nullable`1 disableUpdate, CancellationToken cancellationToken)
   at GitHub.Runner.Common.BrokerServer.<>c__DisplayClass7_0.<<GetRunnerMessageAsync>b__0>d.MoveNext()
--- End of stack trace from previous location ---
   at GitHub.Runner.Common.RunnerService.RetryRequest[T](Func`1 func, CancellationToken cancellationToken, Int32 maxRetryAttemptsCount, Func`2 shouldRetry)
[2026-02-20 19:20:15Z ERR  BrokerServer] #####################################################
[2026-02-20 19:20:15Z ERR  BrokerServer] System.Threading.Tasks.TaskCanceledException: The operation was canceled.
 ---> System.IO.IOException: Unable to read data from the transport connection: The I/O operation has been aborted because of either a thread exit or an application request..
 ---> System.Net.Sockets.SocketException (995): The I/O operation has been aborted because of either a thread exit or an application request.
   --- End of inner exception stack trace ---
   at System.Net.Sockets.Socket.AwaitableSocketAsyncEventArgs.ThrowException(SocketError error, CancellationToken cancellationToken)
   at System.Net.Sockets.Socket.AwaitableSocketAsyncEventArgs.System.Threading.Tasks.Sources.IValueTaskSource<System.Int32>.GetResult(Int16 token)
   at System.Net.Security.SslStream.EnsureFullTlsFrameAsync[TIOAdapter](CancellationToken cancellationToken, Int32 estimatedSize)
   at System.Runtime.CompilerServices.PoolingAsyncValueTaskMethodBuilder`1.StateMachineBox`1.System.Threading.Tasks.Sources.IValueTaskSource<TResult>.GetResult(Int16 token)
   at System.Net.Security.SslStream.ReadAsyncInternal[TIOAdapter](Memory`1 buffer, CancellationToken cancellationToken)
   at System.Runtime.CompilerServices.PoolingAsyncValueTaskMethodBuilder`1.StateMachineBox`1.System.Threading.Tasks.Sources.IValueTaskSource<TResult>.GetResult(Int16 token)
   at System.Net.Http.HttpConnection.InitialFillAsync(Boolean async)
   at System.Net.Http.HttpConnection.SendAsync(HttpRequestMessage request, Boolean async, CancellationToken cancellationToken)
   --- End of inner exception stack trace ---
   at System.Net.Http.HttpConnection.SendAsync(HttpRequestMessage request, Boolean async, CancellationToken cancellationToken)
   at System.Net.Http.AuthenticationHelper.SendWithNtAuthAsync(HttpRequestMessage request, Uri authUri, Boolean async, ICredentials credentials, Boolean isProxyAuth, HttpConnection connection, HttpConnectionPool connectionPool, CancellationToken cancellationToken)
   at System.Net.Http.HttpConnectionPool.SendWithVersionDetectionAndRetryAsync(HttpRequestMessage request, Boolean async, Boolean doRequestAuth, CancellationToken cancellationToken)
   at System.Net.Http.AuthenticationHelper.SendWithAuthAsync(HttpRequestMessage request, Uri authUri, Boolean async, ICredentials credentials, Boolean preAuthenticate, Boolean isProxyAuth, Boolean doRequestAuth, HttpConnectionPool pool, CancellationToken cancellationToken)
   at System.Net.Http.RedirectHandler.SendAsync(HttpRequestMessage request, Boolean async, CancellationToken cancellationToken)
   at GitHub.Services.Common.RawHttpMessageHandler.SendAsync(HttpRequestMessage request, CancellationToken cancellationToken)
   at GitHub.Services.Common.VssHttpRetryMessageHandler.SendAsync(HttpRequestMessage request, CancellationToken cancellationToken)
   at System.Net.Http.HttpClient.<SendAsync>g__Core|83_0(HttpRequestMessage request, HttpCompletionOption completionOption, CancellationTokenSource cts, Boolean disposeCts, CancellationTokenSource pendingRequestsCts, CancellationToken originalCancellationToken)
[2026-02-20 19:20:15Z ERR  BrokerServer] #####################################################
[2026-02-20 19:20:15Z ERR  BrokerServer] System.IO.IOException: Unable to read data from the transport connection: The I/O operation has been aborted because of either a thread exit or an application request..
 ---> System.Net.Sockets.SocketException (995): The I/O operation has been aborted because of either a thread exit or an application request.
   --- End of inner exception stack trace ---
   at System.Net.Sockets.Socket.AwaitableSocketAsyncEventArgs.ThrowException(SocketError error, CancellationToken cancellationToken)
   at System.Net.Sockets.Socket.AwaitableSocketAsyncEventArgs.System.Threading.Tasks.Sources.IValueTaskSource<System.Int32>.GetResult(Int16 token)
   at System.Net.Security.SslStream.EnsureFullTlsFrameAsync[TIOAdapter](CancellationToken cancellationToken, Int32 estimatedSize)
   at System.Runtime.CompilerServices.PoolingAsyncValueTaskMethodBuilder`1.StateMachineBox`1.System.Threading.Tasks.Sources.IValueTaskSource<TResult>.GetResult(Int16 token)
   at System.Net.Security.SslStream.ReadAsyncInternal[TIOAdapter](Memory`1 buffer, CancellationToken cancellationToken)
   at System.Runtime.CompilerServices.PoolingAsyncValueTaskMethodBuilder`1.StateMachineBox`1.System.Threading.Tasks.Sources.IValueTaskSource<TResult>.GetResult(Int16 token)
   at System.Net.Http.HttpConnection.InitialFillAsync(Boolean async)
   at System.Net.Http.HttpConnection.SendAsync(HttpRequestMessage request, Boolean async, CancellationToken cancellationToken)
[2026-02-20 19:20:15Z ERR  BrokerServer] #####################################################
[2026-02-20 19:20:15Z ERR  BrokerServer] System.Net.Sockets.SocketException (995): The I/O operation has been aborted because of either a thread exit or an application request.
[2026-02-20 19:20:15Z WARN BrokerServer] Back off 9.96 seconds before next retry. 4 attempt left.
[2026-02-20 19:20:15Z INFO MessageListener] Get next message has been cancelled.
[2026-02-20 19:20:15Z INFO JobDispatcher] Shutting down JobDispatcher. Make sure all WorkerDispatcher has finished.
[2026-02-20 19:20:15Z INFO Runner] Deleting Runner Session...
[2026-02-20 19:20:15Z INFO Listener] Runner execution been cancelled.
