[2026-02-20 19:19:42Z INFO HostContext] No proxy settings were found based on environmental variables (http_proxy/https_proxy/HTTP_PROXY/HTTPS_PROXY)
[2026-02-20 19:19:42Z INFO HostContext] Well known directory 'Bin': 'C:\Users\jramos\Desktop\mold-change-dashboard motus\runner\bin'
[2026-02-20 19:19:42Z INFO HostContext] Well known directory 'Root': 'C:\Users\jramos\Desktop\mold-change-dashboard motus\runner'
[2026-02-20 19:19:42Z INFO HostContext] Well known config file 'Credentials': 'C:\Users\jramos\Desktop\mold-change-dashboard motus\runner\.credentials'
[2026-02-20 19:19:42Z INFO HostContext] Well known directory 'Bin': 'C:\Users\jramos\Desktop\mold-change-dashboard motus\runner\bin'
[2026-02-20 19:19:42Z INFO HostContext] Well known directory 'Root': 'C:\Users\jramos\Desktop\mold-change-dashboard motus\runner'
[2026-02-20 19:19:42Z INFO HostContext] Well known config file 'Runner': 'C:\Users\jramos\Desktop\mold-change-dashboard motus\runner\.runner'
[2026-02-20 19:19:42Z INFO Listener] Runner is built for Windows (X64) - win-x64.
[2026-02-20 19:19:42Z INFO Listener] RuntimeInformation: Microsoft Windows 10.0.26200.
[2026-02-20 19:19:42Z INFO Listener] Version: 2.321.0
[2026-02-20 19:19:42Z INFO Listener] Commit: e249007931b7c8e857797fa259c167f0bd4f997a
[2026-02-20 19:19:42Z INFO Listener] Culture: en-US
[2026-02-20 19:19:42Z INFO Listener] UI Culture: en-US
[2026-02-20 19:19:42Z INFO HostContext] Well known directory 'Bin': 'C:\Users\jramos\Desktop\mold-change-dashboard motus\runner\bin'
[2026-02-20 19:19:42Z INFO HostContext] Well known directory 'Root': 'C:\Users\jramos\Desktop\mold-change-dashboard motus\runner'
[2026-02-20 19:19:42Z INFO Listener] Validating directory permissions for: 'C:\Users\jramos\Desktop\mold-change-dashboard motus\runner'
[2026-02-20 19:19:42Z INFO CommandLineParser] Parse
[2026-02-20 19:19:42Z INFO CommandLineParser] Parsing 11 args
[2026-02-20 19:19:42Z INFO CommandLineParser] parsing argument
[2026-02-20 19:19:42Z INFO CommandLineParser] HasArgs: False
[2026-02-20 19:19:42Z INFO CommandLineParser] Adding Command: configure
[2026-02-20 19:19:42Z INFO CommandLineParser] parsing argument
[2026-02-20 19:19:42Z INFO CommandLineParser] HasArgs: True
[2026-02-20 19:19:42Z INFO CommandLineParser] arg: url
[2026-02-20 19:19:42Z INFO CommandLineParser] parsing argument
[2026-02-20 19:19:42Z INFO CommandLineParser] HasArgs: True
[2026-02-20 19:19:42Z INFO CommandLineParser] Adding option 'url': 'https://github.com/SosaJavier/mold-change-dashboard-motus'
[2026-02-20 19:19:42Z INFO CommandLineParser] parsing argument
[2026-02-20 19:19:42Z INFO CommandLineParser] HasArgs: True
[2026-02-20 19:19:42Z INFO CommandLineParser] arg: token
[2026-02-20 19:19:42Z INFO CommandLineParser] parsing argument
[2026-02-20 19:19:42Z INFO CommandLineParser] HasArgs: True
[2026-02-20 19:19:42Z INFO CommandLineParser] Adding option 'token': '***'
[2026-02-20 19:19:42Z INFO CommandLineParser] parsing argument
[2026-02-20 19:19:42Z INFO CommandLineParser] HasArgs: True
[2026-02-20 19:19:42Z INFO CommandLineParser] arg: unattended
[2026-02-20 19:19:42Z INFO CommandLineParser] parsing argument
[2026-02-20 19:19:42Z INFO CommandLineParser] HasArgs: True
[2026-02-20 19:19:42Z INFO CommandLineParser] arg: name
[2026-02-20 19:19:42Z INFO CommandLineParser] Adding flag: unattended
[2026-02-20 19:19:42Z INFO CommandLineParser] parsing argument
[2026-02-20 19:19:42Z INFO CommandLineParser] HasArgs: True
[2026-02-20 19:19:42Z INFO CommandLineParser] Adding option 'name': 'WindowsRunner-Motus'
[2026-02-20 19:19:42Z INFO CommandLineParser] parsing argument
[2026-02-20 19:19:42Z INFO CommandLineParser] HasArgs: True
[2026-02-20 19:19:42Z INFO CommandLineParser] arg: work
[2026-02-20 19:19:42Z INFO CommandLineParser] parsing argument
[2026-02-20 19:19:42Z INFO CommandLineParser] HasArgs: True
[2026-02-20 19:19:42Z INFO CommandLineParser] Adding option 'work': '_work'
[2026-02-20 19:19:42Z INFO CommandLineParser] parsing argument
[2026-02-20 19:19:42Z INFO CommandLineParser] HasArgs: True
[2026-02-20 19:19:42Z INFO CommandLineParser] arg: runasservice
[2026-02-20 19:19:42Z INFO Listener] Arguments parsed
[2026-02-20 19:19:42Z INFO Runner] ExecuteCommand
[2026-02-20 19:19:42Z INFO ConfigurationStore] currentAssemblyLocation: C:\Users\jramos\Desktop\mold-change-dashboard motus\runner\bin\Runner.Listener.dll
[2026-02-20 19:19:42Z INFO HostContext] Well known directory 'Bin': 'C:\Users\jramos\Desktop\mold-change-dashboard motus\runner\bin'
[2026-02-20 19:19:42Z INFO ConfigurationStore] binPath: C:\Users\jramos\Desktop\mold-change-dashboard motus\runner\bin
[2026-02-20 19:19:42Z INFO HostContext] Well known directory 'Bin': 'C:\Users\jramos\Desktop\mold-change-dashboard motus\runner\bin'
[2026-02-20 19:19:42Z INFO HostContext] Well known directory 'Root': 'C:\Users\jramos\Desktop\mold-change-dashboard motus\runner'
[2026-02-20 19:19:42Z INFO ConfigurationStore] RootFolder: C:\Users\jramos\Desktop\mold-change-dashboard motus\runner
[2026-02-20 19:19:42Z INFO HostContext] Well known directory 'Bin': 'C:\Users\jramos\Desktop\mold-change-dashboard motus\runner\bin'
[2026-02-20 19:19:42Z INFO HostContext] Well known directory 'Root': 'C:\Users\jramos\Desktop\mold-change-dashboard motus\runner'
[2026-02-20 19:19:42Z INFO HostContext] Well known config file 'Runner': 'C:\Users\jramos\Desktop\mold-change-dashboard motus\runner\.runner'
[2026-02-20 19:19:42Z INFO ConfigurationStore] ConfigFilePath: C:\Users\jramos\Desktop\mold-change-dashboard motus\runner\.runner
[2026-02-20 19:19:42Z INFO HostContext] Well known directory 'Bin': 'C:\Users\jramos\Desktop\mold-change-dashboard motus\runner\bin'
[2026-02-20 19:19:42Z INFO HostContext] Well known directory 'Root': 'C:\Users\jramos\Desktop\mold-change-dashboard motus\runner'
[2026-02-20 19:19:42Z INFO HostContext] Well known config file 'Credentials': 'C:\Users\jramos\Desktop\mold-change-dashboard motus\runner\.credentials'
[2026-02-20 19:19:42Z INFO ConfigurationStore] CredFilePath: C:\Users\jramos\Desktop\mold-change-dashboard motus\runner\.credentials
[2026-02-20 19:19:42Z INFO HostContext] Well known directory 'Bin': 'C:\Users\jramos\Desktop\mold-change-dashboard motus\runner\bin'
[2026-02-20 19:19:42Z INFO HostContext] Well known directory 'Root': 'C:\Users\jramos\Desktop\mold-change-dashboard motus\runner'
[2026-02-20 19:19:42Z INFO HostContext] Well known config file 'MigratedCredentials': 'C:\Users\jramos\Desktop\mold-change-dashboard motus\runner\.credentials_migrated'
[2026-02-20 19:19:42Z INFO ConfigurationStore] MigratedCredFilePath: C:\Users\jramos\Desktop\mold-change-dashboard motus\runner\.credentials_migrated
[2026-02-20 19:19:42Z INFO HostContext] Well known directory 'Bin': 'C:\Users\jramos\Desktop\mold-change-dashboard motus\runner\bin'
[2026-02-20 19:19:42Z INFO HostContext] Well known directory 'Root': 'C:\Users\jramos\Desktop\mold-change-dashboard motus\runner'
[2026-02-20 19:19:42Z INFO HostContext] Well known config file 'Service': 'C:\Users\jramos\Desktop\mold-change-dashboard motus\runner\.service'
[2026-02-20 19:19:42Z INFO ConfigurationStore] ServiceConfigFilePath: C:\Users\jramos\Desktop\mold-change-dashboard motus\runner\.service
[2026-02-20 19:19:42Z INFO CommandSettings] Flag 'help': 'False'
[2026-02-20 19:19:42Z INFO CommandSettings] Flag 'version': 'False'
[2026-02-20 19:19:42Z INFO CommandSettings] Flag 'commit': 'False'
[2026-02-20 19:19:42Z INFO CommandSettings] Flag 'check': 'False'
[2026-02-20 19:19:42Z INFO CommandSettings] Command 'configure': 'True'
[2026-02-20 19:19:42Z INFO Terminal] WRITE LINE: 
[2026-02-20 19:19:42Z INFO Terminal] WRITE LINE: --------------------------------------------------------------------------------
[2026-02-20 19:19:42Z INFO Terminal] WRITE LINE: |        ____ _ _   _   _       _          _        _   _                      |
[2026-02-20 19:19:42Z INFO Terminal] WRITE LINE: |       / ___(_) |_| | | |_   _| |__      / \   ___| |_(_) ___  _ __  ___      |
[2026-02-20 19:19:42Z INFO Terminal] WRITE LINE: |      | |  _| | __| |_| | | | | '_ \    / _ \ / __| __| |/ _ \| '_ \/ __|     |
[2026-02-20 19:19:42Z INFO Terminal] WRITE LINE: |      | |_| | | |_|  _  | |_| | |_) |  / ___ \ (__| |_| | (_) | | | \__ \     |
[2026-02-20 19:19:42Z INFO Terminal] WRITE LINE: |       \____|_|\__|_| |_|\__,_|_.__/  /_/   \_\___|\__|_|\___/|_| |_|___/     |
[2026-02-20 19:19:42Z INFO Terminal] WRITE LINE: |                                                                              |
[2026-02-20 19:19:42Z INFO Terminal] WRITE: |                       
[2026-02-20 19:19:42Z INFO Terminal] WRITE: Self-hosted runner registration
[2026-02-20 19:19:42Z INFO Terminal] WRITE LINE:                         |
[2026-02-20 19:19:42Z INFO Terminal] WRITE LINE: |                                                                              |
[2026-02-20 19:19:42Z INFO Terminal] WRITE LINE: --------------------------------------------------------------------------------
[2026-02-20 19:19:42Z INFO ConfigurationManager] ConfigureAsync
[2026-02-20 19:19:42Z INFO CommandSettings] Flag 'generateServiceConfig': 'False'
[2026-02-20 19:19:42Z INFO ConfigurationStore] IsConfigured()
[2026-02-20 19:19:42Z INFO ConfigurationStore] IsConfigured: False
[2026-02-20 19:19:42Z INFO ConfigurationManager] Is configured: False
[2026-02-20 19:19:42Z INFO CommandSettings] Arg 'url': 'https://github.com/SosaJavier/mold-change-dashboard-motus'
[2026-02-20 19:19:42Z INFO CommandSettings] Remove url from Arg dictionary.
[2026-02-20 19:19:42Z INFO CommandSettings] Arg 'token': '***'
[2026-02-20 19:19:42Z INFO CommandSettings] Remove token from Arg dictionary.
[2026-02-20 19:19:43Z INFO ConfigurationManager] Http response code: OK from 'POST https://api.github.com/actions/runner-registration' (603B:3C990B:4ADCB7:1481BB4:6998B3CE)
[2026-02-20 19:19:43Z INFO ConfigurationManager] Using V2 flow: False
[2026-02-20 19:19:43Z INFO ConfigurationManager] cred retrieved via GitHub auth
[2026-02-20 19:19:43Z INFO RunnerServer] EstablishVssConnection
[2026-02-20 19:19:43Z INFO RunnerServer] Establish connection with 100 seconds timeout.
[2026-02-20 19:19:43Z INFO GitHubActionsService] Starting operation Location.GetConnectionData
[2026-02-20 19:19:43Z INFO RunnerServer] EstablishVssConnection
[2026-02-20 19:19:43Z INFO RunnerServer] Establish connection with 60 seconds timeout.
[2026-02-20 19:19:43Z INFO GitHubActionsService] Starting operation Location.GetConnectionData
[2026-02-20 19:19:43Z INFO RunnerServer] EstablishVssConnection
[2026-02-20 19:19:43Z INFO RunnerServer] Establish connection with 60 seconds timeout.
[2026-02-20 19:19:43Z INFO GitHubActionsService] Starting operation Location.GetConnectionData
[2026-02-20 19:19:44Z INFO GitHubActionsService] Finished operation Location.GetConnectionData
[2026-02-20 19:19:44Z INFO GitHubActionsService] Finished operation Location.GetConnectionData
[2026-02-20 19:19:44Z INFO GitHubActionsService] Finished operation Location.GetConnectionData
[2026-02-20 19:19:44Z INFO Terminal] WRITE LINE: 
[2026-02-20 19:19:44Z INFO ConfigurationManager] Test Connection complete.
[2026-02-20 19:19:44Z INFO HostContext] Well known directory 'Bin': 'C:\Users\jramos\Desktop\mold-change-dashboard motus\runner\bin'
[2026-02-20 19:19:44Z INFO HostContext] Well known directory 'Root': 'C:\Users\jramos\Desktop\mold-change-dashboard motus\runner'
[2026-02-20 19:19:44Z INFO HostContext] Well known config file 'RSACredentials': 'C:\Users\jramos\Desktop\mold-change-dashboard motus\runner\.credentials_rsaparams'
[2026-02-20 19:19:44Z INFO RSAEncryptedFileKeyManager] Creating new RSA key using 2048-bit key length
[2026-02-20 19:19:44Z INFO RSAEncryptedFileKeyManager] Successfully saved RSA key parameters to file C:\Users\jramos\Desktop\mold-change-dashboard motus\runner\.credentials_rsaparams
[2026-02-20 19:19:45Z INFO CommandSettings] Arg 'runnergroup': ''
[2026-02-20 19:19:45Z INFO CommandSettings] Flag 'unattended': 'True'
[2026-02-20 19:19:45Z INFO PromptManager] ReadValue
[2026-02-20 19:19:45Z INFO Terminal] WRITE LINE: 
[2026-02-20 19:19:45Z INFO ConfigurationManager] Found a self-hosted runner group with id 1 and name Default
[2026-02-20 19:19:45Z INFO CommandSettings] Flag 'disableupdate': 'False'
[2026-02-20 19:19:45Z INFO CommandSettings] Flag 'ephemeral': 'False'
[2026-02-20 19:19:45Z INFO CommandSettings] Arg 'name': 'WindowsRunner-Motus'
[2026-02-20 19:19:45Z INFO CommandSettings] Remove name from Arg dictionary.
[2026-02-20 19:19:45Z INFO Terminal] WRITE LINE: 
[2026-02-20 19:19:45Z INFO CommandSettings] Arg 'labels': ''
[2026-02-20 19:19:45Z INFO CommandSettings] Flag 'unattended': 'True'
[2026-02-20 19:19:45Z INFO PromptManager] ReadValue
[2026-02-20 19:19:45Z INFO Terminal] WRITE LINE: 
[2026-02-20 19:19:45Z INFO CommandSettings] Flag 'disableupdate': 'False'
[2026-02-20 19:19:45Z INFO CommandSettings] Flag 'no-default-labels': 'False'
[2026-02-20 19:19:45Z INFO CommandSettings] Flag 'disableupdate': 'False'
[2026-02-20 19:19:45Z INFO CommandSettings] Flag 'ephemeral': 'False'
[2026-02-20 19:19:45Z INFO ConfigurationStore] Saving OAuth credential @ C:\Users\jramos\Desktop\mold-change-dashboard motus\runner\.credentials
[2026-02-20 19:19:45Z INFO ConfigurationStore] Credentials Saved.
[2026-02-20 19:19:45Z INFO ConfigurationStore] HasCredentials()
[2026-02-20 19:19:45Z INFO ConfigurationStore] stored True
[2026-02-20 19:19:45Z INFO CredentialManager] GetCredentialProvider
[2026-02-20 19:19:45Z INFO CredentialManager] Creating type OAuth
[2026-02-20 19:19:45Z INFO CredentialManager] Creating credential type: OAuth
[2026-02-20 19:19:45Z INFO RSAEncryptedFileKeyManager] Loading RSA key parameters from file C:\Users\jramos\Desktop\mold-change-dashboard motus\runner\.credentials_rsaparams
[2026-02-20 19:19:45Z INFO RunnerServer] EstablishVssConnection
[2026-02-20 19:19:45Z INFO RunnerServer] Establish connection with 100 seconds timeout.
[2026-02-20 19:19:45Z INFO GitHubActionsService] Starting operation Location.GetConnectionData
[2026-02-20 19:19:45Z INFO RunnerServer] EstablishVssConnection
[2026-02-20 19:19:45Z INFO RunnerServer] Establish connection with 60 seconds timeout.
[2026-02-20 19:19:45Z INFO GitHubActionsService] Starting operation Location.GetConnectionData
[2026-02-20 19:19:45Z INFO RunnerServer] EstablishVssConnection
[2026-02-20 19:19:45Z INFO RunnerServer] Establish connection with 60 seconds timeout.
[2026-02-20 19:19:45Z INFO GitHubActionsService] Starting operation Location.GetConnectionData
[2026-02-20 19:19:45Z INFO GitHubActionsService] Finished operation Location.GetConnectionData
[2026-02-20 19:19:45Z INFO GitHubActionsService] Finished operation Location.GetConnectionData
[2026-02-20 19:19:45Z INFO GitHubActionsService] Finished operation Location.GetConnectionData
[2026-02-20 19:19:45Z INFO RSAEncryptedFileKeyManager] Loading RSA key parameters from file C:\Users\jramos\Desktop\mold-change-dashboard motus\runner\.credentials_rsaparams
[2026-02-20 19:19:45Z INFO RSAEncryptedFileKeyManager] Loading RSA key parameters from file C:\Users\jramos\Desktop\mold-change-dashboard motus\runner\.credentials_rsaparams
[2026-02-20 19:19:47Z INFO GitHubActionsService] AAD Correlation ID for this token request: Unknown
[2026-02-20 19:19:47Z INFO CommandSettings] Arg 'work': '_work'
[2026-02-20 19:19:47Z INFO CommandSettings] Remove work from Arg dictionary.
[2026-02-20 19:19:47Z INFO ConfigurationStore] Saving runner settings.
[2026-02-20 19:19:47Z INFO ConfigurationStore] Settings Saved.
[2026-02-20 19:19:47Z INFO Terminal] WRITE LINE: 
[2026-02-20 19:19:47Z INFO Terminal] WRITE LINE: 
[2026-02-20 19:19:47Z INFO CommandSettings] Flag 'runasservice': 'True'
[2026-02-20 19:19:47Z INFO ConfigurationManager] Configuring to run the agent as service
[2026-02-20 19:19:47Z ERR  WindowsServiceControlManager] Needs Administrator privileges for configure runner as windows service.
[2026-02-20 19:19:47Z ERR  Runner] System.Security.SecurityException: Needs Administrator privileges for configuring runner as windows service.
   at GitHub.Runner.Listener.Configuration.WindowsServiceControlManager.ConfigureService(RunnerSettings settings, CommandSettings command)
   at GitHub.Runner.Listener.Configuration.ConfigurationManager.ConfigureAsync(CommandSettings command)
   at GitHub.Runner.Listener.Runner.ExecuteCommand(CommandSettings command)
[2026-02-20 19:19:47Z ERR  Terminal] WRITE ERROR: Needs Administrator privileges for configuring runner as windows service.
[2026-02-20 19:19:47Z INFO Listener] Runner execution has finished with return code 1
