[2026-02-20 19:21:43Z INFO HostContext] No proxy settings were found based on environmental variables (http_proxy/https_proxy/HTTP_PROXY/HTTPS_PROXY)
[2026-02-20 19:21:43Z INFO HostContext] Well known directory 'Bin': 'C:\Users\jramos\Desktop\mold-change-dashboard motus\runner\bin'
[2026-02-20 19:21:43Z INFO HostContext] Well known directory 'Root': 'C:\Users\jramos\Desktop\mold-change-dashboard motus\runner'
[2026-02-20 19:21:43Z INFO HostContext] Well known config file 'Credentials': 'C:\Users\jramos\Desktop\mold-change-dashboard motus\runner\.credentials'
[2026-02-20 19:21:43Z INFO HostContext] Well known directory 'Bin': 'C:\Users\jramos\Desktop\mold-change-dashboard motus\runner\bin'
[2026-02-20 19:21:43Z INFO HostContext] Well known directory 'Root': 'C:\Users\jramos\Desktop\mold-change-dashboard motus\runner'
[2026-02-20 19:21:43Z INFO HostContext] Well known config file 'Runner': 'C:\Users\jramos\Desktop\mold-change-dashboard motus\runner\.runner'
[2026-02-20 19:21:43Z INFO Listener] Runner is built for Windows (X64) - win-x64.
[2026-02-20 19:21:43Z INFO Listener] RuntimeInformation: Microsoft Windows 10.0.26200.
[2026-02-20 19:21:43Z INFO Listener] Version: 2.321.0
[2026-02-20 19:21:43Z INFO Listener] Commit: e249007931b7c8e857797fa259c167f0bd4f997a
[2026-02-20 19:21:43Z INFO Listener] Culture: en-US
[2026-02-20 19:21:43Z INFO Listener] UI Culture: en-US
[2026-02-20 19:21:43Z INFO HostContext] Well known directory 'Bin': 'C:\Users\jramos\Desktop\mold-change-dashboard motus\runner\bin'
[2026-02-20 19:21:43Z INFO HostContext] Well known directory 'Root': 'C:\Users\jramos\Desktop\mold-change-dashboard motus\runner'
[2026-02-20 19:21:43Z INFO Listener] Validating directory permissions for: 'C:\Users\jramos\Desktop\mold-change-dashboard motus\runner'
[2026-02-20 19:21:43Z INFO CommandLineParser] Parse
[2026-02-20 19:21:43Z INFO CommandLineParser] Parsing 1 args
[2026-02-20 19:21:43Z INFO CommandLineParser] parsing argument
[2026-02-20 19:21:43Z INFO CommandLineParser] HasArgs: False
[2026-02-20 19:21:43Z INFO CommandLineParser] Adding Command: run
[2026-02-20 19:21:43Z INFO Listener] Arguments parsed
[2026-02-20 19:21:43Z INFO Runner] ExecuteCommand
[2026-02-20 19:21:43Z INFO ConfigurationStore] currentAssemblyLocation: C:\Users\jramos\Desktop\mold-change-dashboard motus\runner\bin\Runner.Listener.dll
[2026-02-20 19:21:43Z INFO HostContext] Well known directory 'Bin': 'C:\Users\jramos\Desktop\mold-change-dashboard motus\runner\bin'
[2026-02-20 19:21:43Z INFO ConfigurationStore] binPath: C:\Users\jramos\Desktop\mold-change-dashboard motus\runner\bin
[2026-02-20 19:21:43Z INFO HostContext] Well known directory 'Bin': 'C:\Users\jramos\Desktop\mold-change-dashboard motus\runner\bin'
[2026-02-20 19:21:43Z INFO HostContext] Well known directory 'Root': 'C:\Users\jramos\Desktop\mold-change-dashboard motus\runner'
[2026-02-20 19:21:43Z INFO ConfigurationStore] RootFolder: C:\Users\jramos\Desktop\mold-change-dashboard motus\runner
[2026-02-20 19:21:43Z INFO HostContext] Well known directory 'Bin': 'C:\Users\jramos\Desktop\mold-change-dashboard motus\runner\bin'
[2026-02-20 19:21:43Z INFO HostContext] Well known directory 'Root': 'C:\Users\jramos\Desktop\mold-change-dashboard motus\runner'
[2026-02-20 19:21:43Z INFO HostContext] Well known config file 'Runner': 'C:\Users\jramos\Desktop\mold-change-dashboard motus\runner\.runner'
[2026-02-20 19:21:43Z INFO ConfigurationStore] ConfigFilePath: C:\Users\jramos\Desktop\mold-change-dashboard motus\runner\.runner
[2026-02-20 19:21:43Z INFO HostContext] Well known directory 'Bin': 'C:\Users\jramos\Desktop\mold-change-dashboard motus\runner\bin'
[2026-02-20 19:21:43Z INFO HostContext] Well known directory 'Root': 'C:\Users\jramos\Desktop\mold-change-dashboard motus\runner'
[2026-02-20 19:21:43Z INFO HostContext] Well known config file 'Credentials': 'C:\Users\jramos\Desktop\mold-change-dashboard motus\runner\.credentials'
[2026-02-20 19:21:43Z INFO ConfigurationStore] CredFilePath: C:\Users\jramos\Desktop\mold-change-dashboard motus\runner\.credentials
[2026-02-20 19:21:43Z INFO HostContext] Well known directory 'Bin': 'C:\Users\jramos\Desktop\mold-change-dashboard motus\runner\bin'
[2026-02-20 19:21:43Z INFO HostContext] Well known directory 'Root': 'C:\Users\jramos\Desktop\mold-change-dashboard motus\runner'
[2026-02-20 19:21:43Z INFO HostContext] Well known config file 'MigratedCredentials': 'C:\Users\jramos\Desktop\mold-change-dashboard motus\runner\.credentials_migrated'
[2026-02-20 19:21:43Z INFO ConfigurationStore] MigratedCredFilePath: C:\Users\jramos\Desktop\mold-change-dashboard motus\runner\.credentials_migrated
[2026-02-20 19:21:43Z INFO HostContext] Well known directory 'Bin': 'C:\Users\jramos\Desktop\mold-change-dashboard motus\runner\bin'
[2026-02-20 19:21:43Z INFO HostContext] Well known directory 'Root': 'C:\Users\jramos\Desktop\mold-change-dashboard motus\runner'
[2026-02-20 19:21:43Z INFO HostContext] Well known config file 'Service': 'C:\Users\jramos\Desktop\mold-change-dashboard motus\runner\.service'
[2026-02-20 19:21:43Z INFO ConfigurationStore] ServiceConfigFilePath: C:\Users\jramos\Desktop\mold-change-dashboard motus\runner\.service
[2026-02-20 19:21:43Z INFO CommandSettings] Flag 'help': 'False'
[2026-02-20 19:21:43Z INFO CommandSettings] Flag 'version': 'False'
[2026-02-20 19:21:43Z INFO CommandSettings] Flag 'commit': 'False'
[2026-02-20 19:21:43Z INFO CommandSettings] Flag 'check': 'False'
[2026-02-20 19:21:43Z INFO CommandSettings] Command 'configure': 'False'
[2026-02-20 19:21:43Z INFO CommandSettings] Command 'remove': 'False'
[2026-02-20 19:21:43Z INFO CommandSettings] Command 'warmup': 'False'
[2026-02-20 19:21:43Z INFO ConfigurationManager] LoadSettings
[2026-02-20 19:21:43Z INFO ConfigurationStore] IsConfigured()
[2026-02-20 19:21:43Z INFO ConfigurationStore] IsConfigured: True
[2026-02-20 19:21:43Z INFO ConfigurationManager] Is configured: True
[2026-02-20 19:21:43Z INFO ConfigurationStore] Read setting file: 331 chars
[2026-02-20 19:21:43Z INFO ConfigurationManager] Settings Loaded
[2026-02-20 19:21:43Z INFO ConfigurationStore] IsServiceConfigured()
[2026-02-20 19:21:43Z INFO ConfigurationStore] IsServiceConfigured: False
[2026-02-20 19:21:43Z INFO CommandSettings] Command 'run': 'True'
[2026-02-20 19:21:43Z INFO ConfigurationStore] IsConfigured()
[2026-02-20 19:21:43Z INFO ConfigurationStore] IsConfigured: True
[2026-02-20 19:21:43Z INFO ConfigurationManager] Is configured: True
[2026-02-20 19:21:43Z INFO Runner] Could not parse the argument value '' for StartupType. Defaulting to Manual
[2026-02-20 19:21:43Z INFO Runner] Set runner startup type - Manual
[2026-02-20 19:21:43Z INFO CommandSettings] Flag 'once': 'False'
[2026-02-20 19:21:43Z INFO CommandSettings] Flag 'once': 'False'
[2026-02-20 19:21:43Z INFO Runner] RunAsync
[2026-02-20 19:21:43Z INFO ConfigurationManager] LoadSettings
[2026-02-20 19:21:43Z INFO ConfigurationStore] IsConfigured()
[2026-02-20 19:21:43Z INFO ConfigurationStore] IsConfigured: True
[2026-02-20 19:21:43Z INFO ConfigurationManager] Is configured: True
[2026-02-20 19:21:43Z INFO ConfigurationManager] Settings Loaded
[2026-02-20 19:21:43Z INFO MessageListener] {
  "AgentId": 2,
  "AgentName": "WindowsRunner-Motus",
  "PoolId": 1,
  "PoolName": "Default",
  "ServerUrl": "https://pipelinesghubeus7.actions.githubusercontent.com/NEKryiqQ3E0Lej0i4Pk3xrVrvZYaPytuDCx35Nw7k1hlB40cAz/",
  "GitHubUrl": "https://github.com/SosaJavier/mold-change-dashboard-motus",
  "WorkFolder": "_work"
}
[2026-02-20 19:21:43Z INFO MessageListener] Loading Credentials
[2026-02-20 19:21:43Z INFO ConfigurationStore] HasCredentials()
[2026-02-20 19:21:43Z INFO ConfigurationStore] stored True
[2026-02-20 19:21:43Z INFO CredentialManager] GetCredentialProvider
[2026-02-20 19:21:43Z INFO CredentialManager] Creating type OAuth
[2026-02-20 19:21:43Z INFO CredentialManager] Creating credential type: OAuth
[2026-02-20 19:21:43Z INFO HostContext] Well known directory 'Bin': 'C:\Users\jramos\Desktop\mold-change-dashboard motus\runner\bin'
[2026-02-20 19:21:43Z INFO HostContext] Well known directory 'Root': 'C:\Users\jramos\Desktop\mold-change-dashboard motus\runner'
[2026-02-20 19:21:43Z INFO HostContext] Well known config file 'RSACredentials': 'C:\Users\jramos\Desktop\mold-change-dashboard motus\runner\.credentials_rsaparams'
[2026-02-20 19:21:43Z INFO RSAEncryptedFileKeyManager] Loading RSA key parameters from file C:\Users\jramos\Desktop\mold-change-dashboard motus\runner\.credentials_rsaparams
[2026-02-20 19:21:44Z INFO MessageListener] Attempt to create session.
[2026-02-20 19:21:44Z INFO MessageListener] Connecting to the Runner Server...
[2026-02-20 19:21:44Z INFO RunnerServer] EstablishVssConnection
[2026-02-20 19:21:44Z INFO RunnerServer] Establish connection with 100 seconds timeout.
[2026-02-20 19:21:44Z INFO GitHubActionsService] Starting operation Location.GetConnectionData
[2026-02-20 19:21:44Z INFO RunnerServer] EstablishVssConnection
[2026-02-20 19:21:44Z INFO RunnerServer] Establish connection with 60 seconds timeout.
[2026-02-20 19:21:44Z INFO GitHubActionsService] Starting operation Location.GetConnectionData
[2026-02-20 19:21:44Z INFO RunnerServer] EstablishVssConnection
[2026-02-20 19:21:44Z INFO RunnerServer] Establish connection with 60 seconds timeout.
[2026-02-20 19:21:44Z INFO GitHubActionsService] Starting operation Location.GetConnectionData
[2026-02-20 19:21:44Z INFO GitHubActionsService] Finished operation Location.GetConnectionData
[2026-02-20 19:21:44Z INFO GitHubActionsService] Finished operation Location.GetConnectionData
[2026-02-20 19:21:44Z INFO GitHubActionsService] Finished operation Location.GetConnectionData
[2026-02-20 19:21:44Z INFO MessageListener] VssConnection created
[2026-02-20 19:21:44Z INFO Terminal] WRITE LINE: 
[2026-02-20 19:21:44Z INFO Terminal] WRITE LINE: 
[2026-02-20 19:21:44Z INFO RSAEncryptedFileKeyManager] Loading RSA key parameters from file C:\Users\jramos\Desktop\mold-change-dashboard motus\runner\.credentials_rsaparams
[2026-02-20 19:21:44Z INFO RSAEncryptedFileKeyManager] Loading RSA key parameters from file C:\Users\jramos\Desktop\mold-change-dashboard motus\runner\.credentials_rsaparams
[2026-02-20 19:21:45Z INFO GitHubActionsService] AAD Correlation ID for this token request: Unknown
[2026-02-20 19:21:45Z INFO MessageListener] Session created.
[2026-02-20 19:21:45Z INFO Terminal] WRITE LINE: Current runner version: '2.321.0'
[2026-02-20 19:21:45Z INFO Terminal] WRITE LINE: 2026-02-20 19:21:45Z: Listening for Jobs
[2026-02-20 19:21:45Z INFO JobDispatcher] Set runner/worker IPC timeout to 30 seconds.
[2026-02-20 19:21:45Z INFO RSAEncryptedFileKeyManager] Loading RSA key parameters from file C:\Users\jramos\Desktop\mold-change-dashboard motus\runner\.credentials_rsaparams
[2026-02-20 19:21:45Z INFO GitHubActionsService] AAD Correlation ID for this token request: Unknown
[2026-02-20 19:21:46Z INFO MessageListener] Message '0' received from session '48b630e6-54cb-4ed0-b88e-450f6cbe57f2'.
[2026-02-20 19:21:46Z INFO Runner] Received ForceTokenRefreshMessage
[2026-02-20 19:21:46Z INFO RunnerServer] Refresh MessageQueue VssConnection to get on a different AFD node.
[2026-02-20 19:21:46Z INFO RunnerServer] EstablishVssConnection
[2026-02-20 19:21:46Z INFO RunnerServer] Establish connection with 60 seconds timeout.
[2026-02-20 19:21:46Z INFO GitHubActionsService] Starting operation Location.GetConnectionData
[2026-02-20 19:21:46Z INFO GitHubActionsService] Finished operation Location.GetConnectionData
[2026-02-20 19:21:47Z INFO RSAEncryptedFileKeyManager] Loading RSA key parameters from file C:\Users\jramos\Desktop\mold-change-dashboard motus\runner\.credentials_rsaparams
[2026-02-20 19:21:47Z INFO GitHubActionsService] AAD Correlation ID for this token request: Unknown
[2026-02-20 19:21:48Z INFO MessageListener] Message '0' received from session '48b630e6-54cb-4ed0-b88e-450f6cbe57f2'.
[2026-02-20 19:21:48Z INFO Runner] Refresh message received, kick-off selfupdate background process.
[2026-02-20 19:21:48Z INFO SelfUpdater] Version '2.331.0' of 'agent' package available in server.
[2026-02-20 19:21:48Z INFO SelfUpdater] Current running runner version is 2.321.0
[2026-02-20 19:21:48Z INFO SelfUpdater] An update is available.
[2026-02-20 19:21:48Z INFO Terminal] WRITE LINE: Runner update in progress, do not shutdown runner.
[2026-02-20 19:21:48Z INFO SelfUpdater] RunnerPlatform: win-x64
[2026-02-20 19:21:48Z INFO Terminal] WRITE LINE: Downloading 2.331.0 runner
[2026-02-20 19:21:48Z INFO HostContext] Well known directory 'Bin': 'C:\Users\jramos\Desktop\mold-change-dashboard motus\runner\bin'
[2026-02-20 19:21:48Z INFO HostContext] Well known directory 'Root': 'C:\Users\jramos\Desktop\mold-change-dashboard motus\runner'
[2026-02-20 19:21:48Z INFO HostContext] Well known directory 'Work': 'C:\Users\jramos\Desktop\mold-change-dashboard motus\runner\_work'
[2026-02-20 19:21:48Z INFO SelfUpdater] Attempt 1: save latest runner into C:\Users\jramos\Desktop\mold-change-dashboard motus\runner\_work\_update\runner1.zip.
[2026-02-20 19:21:48Z INFO SelfUpdater] Download runner: begin download
[2026-02-20 19:21:48Z INFO SelfUpdater] Downloading https://github.com/actions/runner/releases/download/v2.331.0/actions-runner-win-x64-2.331.0.zip
[2026-02-20 19:21:53Z INFO SelfUpdater] Download runner: finished download
[2026-02-20 19:21:53Z INFO SelfUpdater] Validated Runner Hash matches C:\Users\jramos\Desktop\mold-change-dashboard motus\runner\_work\_update\runner1.zip : 473e74b86cd826e073f1c1f2c004d3fb9e6c9665d0d51710a23e5084a601c78a
[2026-02-20 19:21:55Z INFO SelfUpdater] Finished getting latest runner package at: C:\Users\jramos\Desktop\mold-change-dashboard motus\runner\_work\_update.
[2026-02-20 19:21:55Z INFO HostContext] Well known directory 'Bin': 'C:\Users\jramos\Desktop\mold-change-dashboard motus\runner\bin'
[2026-02-20 19:21:55Z INFO HostContext] Well known directory 'Root': 'C:\Users\jramos\Desktop\mold-change-dashboard motus\runner'
[2026-02-20 19:21:55Z INFO SelfUpdater] Copy C:\Users\jramos\Desktop\mold-change-dashboard motus\runner\_work\_update\bin to C:\Users\jramos\Desktop\mold-change-dashboard motus\runner\bin.2.331.0.
[2026-02-20 19:21:55Z INFO HostContext] Well known directory 'Bin': 'C:\Users\jramos\Desktop\mold-change-dashboard motus\runner\bin'
[2026-02-20 19:21:55Z INFO HostContext] Well known directory 'Root': 'C:\Users\jramos\Desktop\mold-change-dashboard motus\runner'
[2026-02-20 19:21:55Z INFO SelfUpdater] Copy C:\Users\jramos\Desktop\mold-change-dashboard motus\runner\_work\_update\externals to C:\Users\jramos\Desktop\mold-change-dashboard motus\runner\externals.2.331.0.
[2026-02-20 19:21:56Z INFO SelfUpdater] Copy any remaining .sh/.cmd files into runner root.
[2026-02-20 19:21:56Z INFO HostContext] Well known directory 'Bin': 'C:\Users\jramos\Desktop\mold-change-dashboard motus\runner\bin'
[2026-02-20 19:21:56Z INFO HostContext] Well known directory 'Root': 'C:\Users\jramos\Desktop\mold-change-dashboard motus\runner'
[2026-02-20 19:21:56Z INFO SelfUpdater] Copy C:\Users\jramos\Desktop\mold-change-dashboard motus\runner\_work\_update\config.cmd to C:\Users\jramos\Desktop\mold-change-dashboard motus\runner\config.cmd
[2026-02-20 19:21:56Z INFO HostContext] Well known directory 'Bin': 'C:\Users\jramos\Desktop\mold-change-dashboard motus\runner\bin'
[2026-02-20 19:21:56Z INFO HostContext] Well known directory 'Root': 'C:\Users\jramos\Desktop\mold-change-dashboard motus\runner'
[2026-02-20 19:21:56Z INFO SelfUpdater] Copy C:\Users\jramos\Desktop\mold-change-dashboard motus\runner\_work\_update\run-helper.cmd.template to C:\Users\jramos\Desktop\mold-change-dashboard motus\runner\run-helper.cmd.template
[2026-02-20 19:21:56Z INFO HostContext] Well known directory 'Bin': 'C:\Users\jramos\Desktop\mold-change-dashboard motus\runner\bin'
[2026-02-20 19:21:56Z INFO HostContext] Well known directory 'Root': 'C:\Users\jramos\Desktop\mold-change-dashboard motus\runner'
[2026-02-20 19:21:56Z INFO SelfUpdater] Copy C:\Users\jramos\Desktop\mold-change-dashboard motus\runner\_work\_update\run-helper.sh.template to C:\Users\jramos\Desktop\mold-change-dashboard motus\runner\run-helper.sh.template
[2026-02-20 19:21:56Z INFO HostContext] Well known directory 'Bin': 'C:\Users\jramos\Desktop\mold-change-dashboard motus\runner\bin'
[2026-02-20 19:21:56Z INFO HostContext] Well known directory 'Root': 'C:\Users\jramos\Desktop\mold-change-dashboard motus\runner'
[2026-02-20 19:21:56Z INFO SelfUpdater] Copy C:\Users\jramos\Desktop\mold-change-dashboard motus\runner\_work\_update\run.cmd to C:\Users\jramos\Desktop\mold-change-dashboard motus\runner\run.cmd
[2026-02-20 19:21:56Z INFO SelfUpdater] Download latest runner and unzip into runner root.
[2026-02-20 19:21:56Z INFO Terminal] WRITE LINE: Waiting for current job finish running.
[2026-02-20 19:21:56Z INFO SelfUpdater] DownloadUrl: https://github.com/actions/runner/releases/download/v2.331.0/actions-runner-win-x64-2.331.0.zip
[2026-02-20 19:21:56Z INFO SelfUpdater] PackageDownloadTime: 4668ms
[2026-02-20 19:21:56Z INFO SelfUpdater] Attempts: 1
[2026-02-20 19:21:56Z INFO SelfUpdater] PackageSize: 93MB
[2026-02-20 19:21:56Z INFO SelfUpdater] ValidateHashTime: 87ms
[2026-02-20 19:21:56Z INFO SelfUpdater] PackageExtractTime: 1774ms
[2026-02-20 19:21:56Z INFO SelfUpdater] CopyRunnerToRootTime: 900ms
[2026-02-20 19:21:56Z INFO SelfUpdater] All running job has exited.
[2026-02-20 19:21:56Z INFO HostContext] Well known directory 'Bin': 'C:\Users\jramos\Desktop\mold-change-dashboard motus\runner\bin'
[2026-02-20 19:21:56Z INFO HostContext] Well known directory 'Root': 'C:\Users\jramos\Desktop\mold-change-dashboard motus\runner'
[2026-02-20 19:21:56Z INFO HostContext] Well known directory 'Bin': 'C:\Users\jramos\Desktop\mold-change-dashboard motus\runner\bin'
[2026-02-20 19:21:56Z INFO HostContext] Well known directory 'Root': 'C:\Users\jramos\Desktop\mold-change-dashboard motus\runner'
[2026-02-20 19:21:56Z INFO HostContext] Well known directory 'Bin': 'C:\Users\jramos\Desktop\mold-change-dashboard motus\runner\bin'
[2026-02-20 19:21:56Z INFO HostContext] Well known directory 'Root': 'C:\Users\jramos\Desktop\mold-change-dashboard motus\runner'
[2026-02-20 19:21:56Z INFO HostContext] Well known directory 'Bin': 'C:\Users\jramos\Desktop\mold-change-dashboard motus\runner\bin'
[2026-02-20 19:21:56Z INFO HostContext] Well known directory 'Root': 'C:\Users\jramos\Desktop\mold-change-dashboard motus\runner'
[2026-02-20 19:21:56Z INFO HostContext] Well known directory 'Bin': 'C:\Users\jramos\Desktop\mold-change-dashboard motus\runner\bin'
[2026-02-20 19:21:56Z INFO HostContext] Well known directory 'Root': 'C:\Users\jramos\Desktop\mold-change-dashboard motus\runner'
[2026-02-20 19:21:56Z INFO HostContext] Well known directory 'Bin': 'C:\Users\jramos\Desktop\mold-change-dashboard motus\runner\bin'
[2026-02-20 19:21:56Z INFO HostContext] Well known directory 'Root': 'C:\Users\jramos\Desktop\mold-change-dashboard motus\runner'
[2026-02-20 19:21:56Z INFO HostContext] Well known directory 'Bin': 'C:\Users\jramos\Desktop\mold-change-dashboard motus\runner\bin'
[2026-02-20 19:21:56Z INFO HostContext] Well known directory 'Root': 'C:\Users\jramos\Desktop\mold-change-dashboard motus\runner'
[2026-02-20 19:21:56Z INFO HostContext] Well known directory 'Bin': 'C:\Users\jramos\Desktop\mold-change-dashboard motus\runner\bin'
[2026-02-20 19:21:56Z INFO HostContext] Well known directory 'Root': 'C:\Users\jramos\Desktop\mold-change-dashboard motus\runner'
[2026-02-20 19:21:56Z INFO HostContext] Well known directory 'Bin': 'C:\Users\jramos\Desktop\mold-change-dashboard motus\runner\bin'
[2026-02-20 19:21:56Z INFO HostContext] Well known directory 'Root': 'C:\Users\jramos\Desktop\mold-change-dashboard motus\runner'
[2026-02-20 19:21:56Z INFO HostContext] Well known directory 'Bin': 'C:\Users\jramos\Desktop\mold-change-dashboard motus\runner\bin'
[2026-02-20 19:21:56Z INFO HostContext] Well known directory 'Root': 'C:\Users\jramos\Desktop\mold-change-dashboard motus\runner'
[2026-02-20 19:21:56Z INFO HostContext] Well known directory 'Bin': 'C:\Users\jramos\Desktop\mold-change-dashboard motus\runner\bin'
[2026-02-20 19:21:56Z INFO HostContext] Well known directory 'Root': 'C:\Users\jramos\Desktop\mold-change-dashboard motus\runner'
[2026-02-20 19:21:56Z INFO SelfUpdater] Delete old version runner backup.
[2026-02-20 19:21:56Z INFO Terminal] WRITE LINE: Generate and execute update script.
[2026-02-20 19:21:56Z INFO SelfUpdater] DeleteRunnerBackupTime: 1ms
[2026-02-20 19:21:56Z INFO HostContext] Well known directory 'Bin': 'C:\Users\jramos\Desktop\mold-change-dashboard motus\runner\bin'
[2026-02-20 19:21:56Z INFO HostContext] Well known directory 'Root': 'C:\Users\jramos\Desktop\mold-change-dashboard motus\runner'
[2026-02-20 19:21:56Z INFO HostContext] Well known directory 'Diag': 'C:\Users\jramos\Desktop\mold-change-dashboard motus\runner\_diag'
[2026-02-20 19:21:56Z INFO HostContext] Well known directory 'Bin': 'C:\Users\jramos\Desktop\mold-change-dashboard motus\runner\bin'
[2026-02-20 19:21:56Z INFO HostContext] Well known directory 'Root': 'C:\Users\jramos\Desktop\mold-change-dashboard motus\runner'
[2026-02-20 19:21:56Z INFO HostContext] Well known directory 'Bin': 'C:\Users\jramos\Desktop\mold-change-dashboard motus\runner\bin'
[2026-02-20 19:21:56Z INFO HostContext] Well known directory 'Root': 'C:\Users\jramos\Desktop\mold-change-dashboard motus\runner'
[2026-02-20 19:21:56Z INFO HostContext] Well known directory 'Work': 'C:\Users\jramos\Desktop\mold-change-dashboard motus\runner\_work'
[2026-02-20 19:21:56Z INFO SelfUpdater] Generate update script into: C:\Users\jramos\Desktop\mold-change-dashboard motus\runner\_work\_update.cmd
[2026-02-20 19:21:56Z INFO SelfUpdater] Which2: 'cmd.exe'
[2026-02-20 19:21:56Z INFO SelfUpdater] Location: 'C:\windows\system32\cmd.exe'
[2026-02-20 19:21:56Z INFO SelfUpdater] Update script start running
[2026-02-20 19:21:56Z INFO Terminal] WRITE LINE: Runner will exit shortly for update, should be back online within 10 seconds.
[2026-02-20 19:21:56Z INFO SelfUpdater] TotalUpdateTime: 7917ms
[2026-02-20 19:21:56Z INFO Terminal] WRITE LINE: Runner update process finished.
[2026-02-20 19:21:56Z INFO Runner] Auto update task finished at backend, an runner update is ready to apply exit the current runner instance.
[2026-02-20 19:21:56Z INFO Runner] Stop message queue looping.
[2026-02-20 19:21:56Z WARN GitHubActionsService] GET request to https://broker.actions.githubusercontent.com/message?sessionId=48b630e6-54cb-4ed0-b88e-450f6cbe57f2&status=Online&runnerVersion=2.321.0&os=Windows&architecture=X64&disableUpdate=false has been cancelled.
[2026-02-20 19:21:56Z ERR  BrokerServer] Catch exception during request
[2026-02-20 19:21:56Z ERR  BrokerServer] System.Threading.Tasks.TaskCanceledException: The operation was canceled.
 ---> System.Threading.Tasks.TaskCanceledException: The operation was canceled.
 ---> System.IO.IOException: Unable to read data from the transport connection: The I/O operation has been aborted because of either a thread exit or an application request..
 ---> System.Net.Sockets.SocketException (995): The I/O operation has been aborted because of either a thread exit or an application request.
   --- End of inner exception stack trace ---
   at System.Net.Sockets.Socket.AwaitableSocketAsyncEventArgs.ThrowException(SocketError error, CancellationToken cancellationToken)
   at System.Net.Sockets.Socket.AwaitableSocketAsyncEventArgs.System.Threading.Tasks.Sources.IValueTaskSource<System.Int32>.GetResult(Int16 token)
   at System.Net.Security.SslStream.EnsureFullTlsFrameAsync[TIOAdapter](CancellationToken cancellationToken, Int32 estimatedSize)
   at System.Runtime.CompilerServices.PoolingAsyncValueTaskMethodBuilder`1.StateMachineBox`1.System.Threading.Tasks.Sources.IValueTaskSource<TResult>.GetResult(Int16 token)
   at System.Net.Security.SslStream.ReadAsyncInternal[TIOAdapter](Memory`1 buffer, CancellationToken cancellationToken)
   at System.Runtime.CompilerServices.PoolingAsyncValueTaskMethodBuilder`1.StateMachineBox`1.System.Threading.Tasks.Sources.IValueTaskSource<TResult>.GetResult(Int16 token)
   at System.Net.Http.HttpConnection.SendAsync(HttpRequestMessage request, Boolean async, CancellationToken cancellationToken)
   --- End of inner exception stack trace ---
   at System.Net.Http.HttpConnection.SendAsync(HttpRequestMessage request, Boolean async, CancellationToken cancellationToken)
   at System.Net.Http.AuthenticationHelper.SendWithNtAuthAsync(HttpRequestMessage request, Uri authUri, Boolean async, ICredentials credentials, Boolean isProxyAuth, HttpConnection connection, HttpConnectionPool connectionPool, CancellationToken cancellationToken)
   at System.Net.Http.HttpConnectionPool.SendWithVersionDetectionAndRetryAsync(HttpRequestMessage request, Boolean async, Boolean doRequestAuth, CancellationToken cancellationToken)
   at System.Net.Http.AuthenticationHelper.SendWithAuthAsync(HttpRequestMessage request, Uri authUri, Boolean async, ICredentials credentials, Boolean preAuthenticate, Boolean isProxyAuth, Boolean doRequestAuth, HttpConnectionPool pool, CancellationToken cancellationToken)
   at System.Net.Http.RedirectHandler.SendAsync(HttpRequestMessage request, Boolean async, CancellationToken cancellationToken)
   at GitHub.Services.Common.RawHttpMessageHandler.SendAsync(HttpRequestMessage request, CancellationToken cancellationToken)
   at GitHub.Services.Common.VssHttpRetryMessageHandler.SendAsync(HttpRequestMessage request, CancellationToken cancellationToken)
   at System.Net.Http.HttpClient.<SendAsync>g__Core|83_0(HttpRequestMessage request, HttpCompletionOption completionOption, CancellationTokenSource cts, Boolean disposeCts, CancellationTokenSource pendingRequestsCts, CancellationToken originalCancellationToken)
   --- End of inner exception stack trace ---
   at System.Net.Http.HttpClient.HandleFailure(Exception e, Boolean telemetryStarted, HttpResponseMessage response, CancellationTokenSource cts, CancellationToken cancellationToken, CancellationTokenSource pendingRequestsCts)
   at System.Net.Http.HttpClient.<SendAsync>g__Core|83_0(HttpRequestMessage request, HttpCompletionOption completionOption, CancellationTokenSource cts, Boolean disposeCts, CancellationTokenSource pendingRequestsCts, CancellationToken originalCancellationToken)
   at Sdk.WebApi.WebApi.RawHttpClientBase.SendAsync(HttpRequestMessage message, HttpCompletionOption completionOption, Object userState, CancellationToken cancellationToken)
   at Sdk.WebApi.WebApi.RawHttpClientBase.SendAsync[T](HttpRequestMessage message, Boolean readErrorBody, Object userState, CancellationToken cancellationToken)
   at Sdk.WebApi.WebApi.RawHttpClientBase.SendAsync[T](HttpMethod method, IEnumerable`1 additionalHeaders, Uri requestUri, HttpContent content, IEnumerable`1 queryParameters, Boolean readErrorBody, Object userState, CancellationToken cancellationToken)
   at GitHub.Actions.RunService.WebApi.BrokerHttpClient.GetRunnerMessageAsync(Nullable`1 sessionId, String runnerVersion, Nullable`1 status, String os, String architecture, Nullable`1 disableUpdate, CancellationToken cancellationToken)
   at GitHub.Runner.Common.BrokerServer.<>c__DisplayClass7_0.<<GetRunnerMessageAsync>b__0>d.MoveNext()
--- End of stack trace from previous location ---
   at GitHub.Runner.Common.RunnerService.RetryRequest[T](Func`1 func, CancellationToken cancellationToken, Int32 maxRetryAttemptsCount, Func`2 shouldRetry)
[2026-02-20 19:21:56Z ERR  BrokerServer] #####################################################
[2026-02-20 19:21:56Z ERR  BrokerServer] System.Threading.Tasks.TaskCanceledException: The operation was canceled.
 ---> System.IO.IOException: Unable to read data from the transport connection: The I/O operation has been aborted because of either a thread exit or an application request..
 ---> System.Net.Sockets.SocketException (995): The I/O operation has been aborted because of either a thread exit or an application request.
   --- End of inner exception stack trace ---
   at System.Net.Sockets.Socket.AwaitableSocketAsyncEventArgs.ThrowException(SocketError error, CancellationToken cancellationToken)
   at System.Net.Sockets.Socket.AwaitableSocketAsyncEventArgs.System.Threading.Tasks.Sources.IValueTaskSource<System.Int32>.GetResult(Int16 token)
   at System.Net.Security.SslStream.EnsureFullTlsFrameAsync[TIOAdapter](CancellationToken cancellationToken, Int32 estimatedSize)
   at System.Runtime.CompilerServices.PoolingAsyncValueTaskMethodBuilder`1.StateMachineBox`1.System.Threading.Tasks.Sources.IValueTaskSource<TResult>.GetResult(Int16 token)
   at System.Net.Security.SslStream.ReadAsyncInternal[TIOAdapter](Memory`1 buffer, CancellationToken cancellationToken)
   at System.Runtime.CompilerServices.PoolingAsyncValueTaskMethodBuilder`1.StateMachineBox`1.System.Threading.Tasks.Sources.IValueTaskSource<TResult>.GetResult(Int16 token)
   at System.Net.Http.HttpConnection.SendAsync(HttpRequestMessage request, Boolean async, CancellationToken cancellationToken)
   --- End of inner exception stack trace ---
   at System.Net.Http.HttpConnection.SendAsync(HttpRequestMessage request, Boolean async, CancellationToken cancellationToken)
   at System.Net.Http.AuthenticationHelper.SendWithNtAuthAsync(HttpRequestMessage request, Uri authUri, Boolean async, ICredentials credentials, Boolean isProxyAuth, HttpConnection connection, HttpConnectionPool connectionPool, CancellationToken cancellationToken)
   at System.Net.Http.HttpConnectionPool.SendWithVersionDetectionAndRetryAsync(HttpRequestMessage request, Boolean async, Boolean doRequestAuth, CancellationToken cancellationToken)
   at System.Net.Http.AuthenticationHelper.SendWithAuthAsync(HttpRequestMessage request, Uri authUri, Boolean async, ICredentials credentials, Boolean preAuthenticate, Boolean isProxyAuth, Boolean doRequestAuth, HttpConnectionPool pool, CancellationToken cancellationToken)
   at System.Net.Http.RedirectHandler.SendAsync(HttpRequestMessage request, Boolean async, CancellationToken cancellationToken)
   at GitHub.Services.Common.RawHttpMessageHandler.SendAsync(HttpRequestMessage request, CancellationToken cancellationToken)
   at GitHub.Services.Common.VssHttpRetryMessageHandler.SendAsync(HttpRequestMessage request, CancellationToken cancellationToken)
   at System.Net.Http.HttpClient.<SendAsync>g__Core|83_0(HttpRequestMessage request, HttpCompletionOption completionOption, CancellationTokenSource cts, Boolean disposeCts, CancellationTokenSource pendingRequestsCts, CancellationToken originalCancellationToken)
[2026-02-20 19:21:56Z ERR  BrokerServer] #####################################################
[2026-02-20 19:21:56Z ERR  BrokerServer] System.IO.IOException: Unable to read data from the transport connection: The I/O operation has been aborted because of either a thread exit or an application request..
 ---> System.Net.Sockets.SocketException (995): The I/O operation has been aborted because of either a thread exit or an application request.
   --- End of inner exception stack trace ---
   at System.Net.Sockets.Socket.AwaitableSocketAsyncEventArgs.ThrowException(SocketError error, CancellationToken cancellationToken)
   at System.Net.Sockets.Socket.AwaitableSocketAsyncEventArgs.System.Threading.Tasks.Sources.IValueTaskSource<System.Int32>.GetResult(Int16 token)
   at System.Net.Security.SslStream.EnsureFullTlsFrameAsync[TIOAdapter](CancellationToken cancellationToken, Int32 estimatedSize)
   at System.Runtime.CompilerServices.PoolingAsyncValueTaskMethodBuilder`1.StateMachineBox`1.System.Threading.Tasks.Sources.IValueTaskSource<TResult>.GetResult(Int16 token)
   at System.Net.Security.SslStream.ReadAsyncInternal[TIOAdapter](Memory`1 buffer, CancellationToken cancellationToken)
   at System.Runtime.CompilerServices.PoolingAsyncValueTaskMethodBuilder`1.StateMachineBox`1.System.Threading.Tasks.Sources.IValueTaskSource<TResult>.GetResult(Int16 token)
   at System.Net.Http.HttpConnection.SendAsync(HttpRequestMessage request, Boolean async, CancellationToken cancellationToken)
[2026-02-20 19:21:56Z ERR  BrokerServer] #####################################################
[2026-02-20 19:21:56Z ERR  BrokerServer] System.Net.Sockets.SocketException (995): The I/O operation has been aborted because of either a thread exit or an application request.
[2026-02-20 19:21:56Z WARN BrokerServer] Back off 8.979 seconds before next retry. 4 attempt left.
[2026-02-20 19:21:56Z INFO MessageListener] Get next message has been cancelled.
[2026-02-20 19:21:56Z INFO Runner] Ignore any exception after cancel message loop. System.Threading.Tasks.TaskCanceledException: A task was canceled.
   at GitHub.Runner.Common.RunnerService.RetryRequest[T](Func`1 func, CancellationToken cancellationToken, Int32 maxRetryAttemptsCount, Func`2 shouldRetry)
   at GitHub.Runner.Listener.MessageListener.GetNextMessageAsync(CancellationToken token)
   at GitHub.Runner.Listener.Runner.RunAsync(RunnerSettings settings, Boolean runOnce)
[2026-02-20 19:21:56Z INFO JobDispatcher] Shutting down JobDispatcher. Make sure all WorkerDispatcher has finished.
[2026-02-20 19:21:56Z INFO Runner] Deleting Runner Session...
[2026-02-20 19:21:56Z INFO Listener] Runner execution has finished with return code 3
