[2026-02-20 19:21:59Z INFO HostContext] No proxy settings were found based on environmental variables (http_proxy/https_proxy/HTTP_PROXY/HTTPS_PROXY)
[2026-02-20 19:21:59Z INFO HostContext] Well known directory 'Bin': 'C:\Users\jramos\Desktop\mold-change-dashboard motus\runner\bin'
[2026-02-20 19:21:59Z INFO HostContext] Well known directory 'Root': 'C:\Users\jramos\Desktop\mold-change-dashboard motus\runner'
[2026-02-20 19:21:59Z INFO HostContext] Well known config file 'Credentials': 'C:\Users\jramos\Desktop\mold-change-dashboard motus\runner\.credentials'
[2026-02-20 19:21:59Z INFO HostContext] Well known directory 'Bin': 'C:\Users\jramos\Desktop\mold-change-dashboard motus\runner\bin'
[2026-02-20 19:21:59Z INFO HostContext] Well known directory 'Root': 'C:\Users\jramos\Desktop\mold-change-dashboard motus\runner'
[2026-02-20 19:21:59Z INFO HostContext] Well known config file 'Runner': 'C:\Users\jramos\Desktop\mold-change-dashboard motus\runner\.runner'
[2026-02-20 19:21:59Z INFO Listener] Runner is built for Windows (X64) - win-x64.
[2026-02-20 19:21:59Z INFO Listener] RuntimeInformation: Microsoft Windows 10.0.26200.
[2026-02-20 19:21:59Z INFO Listener] Version: 2.331.0
[2026-02-20 19:21:59Z INFO Listener] Commit: 39f6c643d3032f8795fa71f1482731ca90c8e038
[2026-02-20 19:21:59Z INFO Listener] Culture: en-US
[2026-02-20 19:21:59Z INFO Listener] UI Culture: en-US
[2026-02-20 19:21:59Z INFO HostContext] Well known directory 'Bin': 'C:\Users\jramos\Desktop\mold-change-dashboard motus\runner\bin'
[2026-02-20 19:21:59Z INFO HostContext] Well known directory 'Root': 'C:\Users\jramos\Desktop\mold-change-dashboard motus\runner'
[2026-02-20 19:21:59Z INFO Listener] Validating directory permissions for: 'C:\Users\jramos\Desktop\mold-change-dashboard motus\runner'
[2026-02-20 19:21:59Z INFO CommandLineParser] Parse
[2026-02-20 19:21:59Z INFO CommandLineParser] Parsing 1 args
[2026-02-20 19:21:59Z INFO CommandLineParser] parsing argument
[2026-02-20 19:21:59Z INFO CommandLineParser] HasArgs: False
[2026-02-20 19:21:59Z INFO CommandLineParser] Adding Command: run
[2026-02-20 19:21:59Z INFO Listener] Arguments parsed
[2026-02-20 19:21:59Z INFO Runner] ExecuteCommand
[2026-02-20 19:21:59Z INFO ConfigurationStore] currentAssemblyLocation: C:\Users\jramos\Desktop\mold-change-dashboard motus\runner\bin\Runner.Listener.dll
[2026-02-20 19:21:59Z INFO HostContext] Well known directory 'Bin': 'C:\Users\jramos\Desktop\mold-change-dashboard motus\runner\bin'
[2026-02-20 19:21:59Z INFO ConfigurationStore] binPath: C:\Users\jramos\Desktop\mold-change-dashboard motus\runner\bin
[2026-02-20 19:21:59Z INFO HostContext] Well known directory 'Bin': 'C:\Users\jramos\Desktop\mold-change-dashboard motus\runner\bin'
[2026-02-20 19:21:59Z INFO HostContext] Well known directory 'Root': 'C:\Users\jramos\Desktop\mold-change-dashboard motus\runner'
[2026-02-20 19:21:59Z INFO ConfigurationStore] RootFolder: C:\Users\jramos\Desktop\mold-change-dashboard motus\runner
[2026-02-20 19:21:59Z INFO HostContext] Well known directory 'Bin': 'C:\Users\jramos\Desktop\mold-change-dashboard motus\runner\bin'
[2026-02-20 19:21:59Z INFO HostContext] Well known directory 'Root': 'C:\Users\jramos\Desktop\mold-change-dashboard motus\runner'
[2026-02-20 19:21:59Z INFO HostContext] Well known config file 'Runner': 'C:\Users\jramos\Desktop\mold-change-dashboard motus\runner\.runner'
[2026-02-20 19:21:59Z INFO ConfigurationStore] ConfigFilePath: C:\Users\jramos\Desktop\mold-change-dashboard motus\runner\.runner
[2026-02-20 19:21:59Z INFO HostContext] Well known directory 'Bin': 'C:\Users\jramos\Desktop\mold-change-dashboard motus\runner\bin'
[2026-02-20 19:21:59Z INFO HostContext] Well known directory 'Root': 'C:\Users\jramos\Desktop\mold-change-dashboard motus\runner'
[2026-02-20 19:21:59Z INFO HostContext] Well known config file 'MigratedRunner': 'C:\Users\jramos\Desktop\mold-change-dashboard motus\runner\.runner_migrated'
[2026-02-20 19:21:59Z INFO ConfigurationStore] MigratedConfigFilePath: C:\Users\jramos\Desktop\mold-change-dashboard motus\runner\.runner_migrated
[2026-02-20 19:21:59Z INFO HostContext] Well known directory 'Bin': 'C:\Users\jramos\Desktop\mold-change-dashboard motus\runner\bin'
[2026-02-20 19:21:59Z INFO HostContext] Well known directory 'Root': 'C:\Users\jramos\Desktop\mold-change-dashboard motus\runner'
[2026-02-20 19:21:59Z INFO HostContext] Well known config file 'Credentials': 'C:\Users\jramos\Desktop\mold-change-dashboard motus\runner\.credentials'
[2026-02-20 19:21:59Z INFO ConfigurationStore] CredFilePath: C:\Users\jramos\Desktop\mold-change-dashboard motus\runner\.credentials
[2026-02-20 19:21:59Z INFO HostContext] Well known directory 'Bin': 'C:\Users\jramos\Desktop\mold-change-dashboard motus\runner\bin'
[2026-02-20 19:21:59Z INFO HostContext] Well known directory 'Root': 'C:\Users\jramos\Desktop\mold-change-dashboard motus\runner'
[2026-02-20 19:21:59Z INFO HostContext] Well known config file 'MigratedCredentials': 'C:\Users\jramos\Desktop\mold-change-dashboard motus\runner\.credentials_migrated'
[2026-02-20 19:21:59Z INFO ConfigurationStore] MigratedCredFilePath: C:\Users\jramos\Desktop\mold-change-dashboard motus\runner\.credentials_migrated
[2026-02-20 19:21:59Z INFO HostContext] Well known directory 'Bin': 'C:\Users\jramos\Desktop\mold-change-dashboard motus\runner\bin'
[2026-02-20 19:21:59Z INFO HostContext] Well known directory 'Root': 'C:\Users\jramos\Desktop\mold-change-dashboard motus\runner'
[2026-02-20 19:21:59Z INFO HostContext] Well known config file 'Service': 'C:\Users\jramos\Desktop\mold-change-dashboard motus\runner\.service'
[2026-02-20 19:21:59Z INFO ConfigurationStore] ServiceConfigFilePath: C:\Users\jramos\Desktop\mold-change-dashboard motus\runner\.service
[2026-02-20 19:21:59Z INFO CommandSettings] Flag 'help': 'False'
[2026-02-20 19:21:59Z INFO CommandSettings] Flag 'version': 'False'
[2026-02-20 19:21:59Z INFO CommandSettings] Flag 'commit': 'False'
[2026-02-20 19:21:59Z INFO CommandSettings] Flag 'check': 'False'
[2026-02-20 19:21:59Z INFO CommandSettings] Command 'configure': 'False'
[2026-02-20 19:21:59Z INFO CommandSettings] Command 'remove': 'False'
[2026-02-20 19:21:59Z INFO CommandSettings] Command 'warmup': 'False'
[2026-02-20 19:21:59Z INFO ConfigurationManager] LoadSettings
[2026-02-20 19:21:59Z INFO ConfigurationStore] IsConfigured()
[2026-02-20 19:21:59Z INFO ConfigurationStore] IsConfigured: True
[2026-02-20 19:21:59Z INFO ConfigurationManager] Is configured: True
[2026-02-20 19:21:59Z INFO ConfigurationStore] Read setting file: 331 chars
[2026-02-20 19:21:59Z INFO ConfigurationManager] Settings Loaded
[2026-02-20 19:21:59Z INFO ConfigurationStore] IsServiceConfigured()
[2026-02-20 19:21:59Z INFO ConfigurationStore] IsServiceConfigured: False
[2026-02-20 19:21:59Z INFO CommandSettings] Command 'run': 'True'
[2026-02-20 19:21:59Z INFO ConfigurationStore] IsConfigured()
[2026-02-20 19:21:59Z INFO ConfigurationStore] IsConfigured: True
[2026-02-20 19:21:59Z INFO ConfigurationManager] Is configured: True
[2026-02-20 19:21:59Z INFO Runner] Could not parse the argument value '' for StartupType. Defaulting to Manual
[2026-02-20 19:21:59Z INFO Runner] Set runner startup type - Manual
[2026-02-20 19:21:59Z INFO CommandSettings] Flag 'once': 'False'
[2026-02-20 19:21:59Z INFO CommandSettings] Flag 'once': 'False'
[2026-02-20 19:21:59Z INFO Runner] RunAsync
[2026-02-20 19:21:59Z INFO ConfigurationManager] LoadMigratedSettings
[2026-02-20 19:21:59Z INFO ConfigurationStore] IsMigratedConfigured()
[2026-02-20 19:21:59Z INFO ConfigurationStore] IsMigratedConfigured: False
[2026-02-20 19:21:59Z INFO Runner] Failed to load migrated settings: No migrated configuration found.
[2026-02-20 19:21:59Z INFO Runner] Falling back to original .runner settings
[2026-02-20 19:21:59Z INFO ConfigurationManager] LoadSettings
[2026-02-20 19:21:59Z INFO ConfigurationStore] IsConfigured()
[2026-02-20 19:21:59Z INFO ConfigurationStore] IsConfigured: True
[2026-02-20 19:21:59Z INFO ConfigurationManager] Is configured: True
[2026-02-20 19:21:59Z INFO ConfigurationManager] Settings Loaded
[2026-02-20 19:21:59Z INFO MessageListener] {
  "AgentId": 2,
  "AgentName": "WindowsRunner-Motus",
  "PoolId": 1,
  "PoolName": "Default",
  "ServerUrl": "https://pipelinesghubeus7.actions.githubusercontent.com/NEKryiqQ3E0Lej0i4Pk3xrVrvZYaPytuDCx35Nw7k1hlB40cAz/",
  "GitHubUrl": "https://github.com/SosaJavier/mold-change-dashboard-motus",
  "WorkFolder": "_work"
}
[2026-02-20 19:21:59Z INFO MessageListener] Loading Credentials
[2026-02-20 19:21:59Z INFO ConfigurationStore] HasCredentials()
[2026-02-20 19:21:59Z INFO ConfigurationStore] stored True
[2026-02-20 19:21:59Z INFO CredentialManager] GetCredentialProvider
[2026-02-20 19:21:59Z INFO CredentialManager] Creating type OAuth
[2026-02-20 19:21:59Z INFO CredentialManager] Creating credential type: OAuth
[2026-02-20 19:21:59Z INFO HostContext] Well known directory 'Bin': 'C:\Users\jramos\Desktop\mold-change-dashboard motus\runner\bin'
[2026-02-20 19:21:59Z INFO HostContext] Well known directory 'Root': 'C:\Users\jramos\Desktop\mold-change-dashboard motus\runner'
[2026-02-20 19:21:59Z INFO HostContext] Well known config file 'RSACredentials': 'C:\Users\jramos\Desktop\mold-change-dashboard motus\runner\.credentials_rsaparams'
[2026-02-20 19:21:59Z INFO RSAEncryptedFileKeyManager] Loading RSA key parameters from file C:\Users\jramos\Desktop\mold-change-dashboard motus\runner\.credentials_rsaparams
[2026-02-20 19:21:59Z INFO MessageListener] Attempt to create session.
[2026-02-20 19:21:59Z INFO MessageListener] Connecting to the Runner Server...
[2026-02-20 19:21:59Z INFO RunnerServer] EstablishVssConnection
[2026-02-20 19:21:59Z INFO RunnerServer] Establish connection with 100 seconds timeout.
[2026-02-20 19:21:59Z INFO GitHubActionsService] Starting operation Location.GetConnectionData
[2026-02-20 19:21:59Z INFO RunnerServer] EstablishVssConnection
[2026-02-20 19:21:59Z INFO RunnerServer] Establish connection with 60 seconds timeout.
[2026-02-20 19:21:59Z INFO GitHubActionsService] Starting operation Location.GetConnectionData
[2026-02-20 19:21:59Z INFO RunnerServer] EstablishVssConnection
[2026-02-20 19:21:59Z INFO RunnerServer] Establish connection with 60 seconds timeout.
[2026-02-20 19:21:59Z INFO GitHubActionsService] Starting operation Location.GetConnectionData
[2026-02-20 19:21:59Z INFO GitHubActionsService] Finished operation Location.GetConnectionData
[2026-02-20 19:21:59Z INFO GitHubActionsService] Finished operation Location.GetConnectionData
[2026-02-20 19:21:59Z INFO GitHubActionsService] Finished operation Location.GetConnectionData
[2026-02-20 19:21:59Z INFO MessageListener] VssConnection created
[2026-02-20 19:21:59Z INFO Terminal] WRITE LINE: 
[2026-02-20 19:21:59Z INFO Terminal] WRITE LINE: 
[2026-02-20 19:21:59Z INFO RSAEncryptedFileKeyManager] Loading RSA key parameters from file C:\Users\jramos\Desktop\mold-change-dashboard motus\runner\.credentials_rsaparams
[2026-02-20 19:21:59Z INFO RSAEncryptedFileKeyManager] Loading RSA key parameters from file C:\Users\jramos\Desktop\mold-change-dashboard motus\runner\.credentials_rsaparams
[2026-02-20 19:22:00Z INFO GitHubActionsService] AAD Correlation ID for this token request: Unknown
[2026-02-20 19:22:00Z INFO MessageListener] Session created.
[2026-02-20 19:22:00Z INFO MessageListener] Registering AuthMigrationChanged event handler.
[2026-02-20 19:22:00Z INFO Terminal] WRITE LINE: Current runner version: '2.331.0'
[2026-02-20 19:22:00Z INFO Terminal] WRITE LINE: 2026-02-20 19:22:00Z: Listening for Jobs
[2026-02-20 19:22:00Z INFO JobDispatcher] Set runner/worker IPC timeout to 30 seconds.
[2026-02-20 19:22:00Z INFO ConfigurationStore] HasCredentials()
[2026-02-20 19:22:00Z INFO ConfigurationStore] stored True
[2026-02-20 19:22:00Z INFO CredentialManager] GetCredentialProvider
[2026-02-20 19:22:00Z INFO CredentialManager] Creating type OAuth
[2026-02-20 19:22:00Z INFO CredentialManager] Creating credential type: OAuth
[2026-02-20 19:22:00Z INFO RSAEncryptedFileKeyManager] Loading RSA key parameters from file C:\Users\jramos\Desktop\mold-change-dashboard motus\runner\.credentials_rsaparams
[2026-02-20 19:22:00Z INFO RSAEncryptedFileKeyManager] Loading RSA key parameters from file C:\Users\jramos\Desktop\mold-change-dashboard motus\runner\.credentials_rsaparams
[2026-02-20 19:22:00Z INFO RSAEncryptedFileKeyManager] Loading RSA key parameters from file C:\Users\jramos\Desktop\mold-change-dashboard motus\runner\.credentials_rsaparams
[2026-02-20 19:22:00Z INFO GitHubActionsService] AAD Correlation ID for this token request: Unknown
[2026-02-20 19:22:51Z INFO ConfigurationStore] HasCredentials()
[2026-02-20 19:22:51Z INFO ConfigurationStore] stored True
[2026-02-20 19:22:51Z INFO CredentialManager] GetCredentialProvider
[2026-02-20 19:22:51Z INFO CredentialManager] Creating type OAuth
[2026-02-20 19:22:51Z INFO CredentialManager] Creating credential type: OAuth
[2026-02-20 19:22:51Z INFO RSAEncryptedFileKeyManager] Loading RSA key parameters from file C:\Users\jramos\Desktop\mold-change-dashboard motus\runner\.credentials_rsaparams
[2026-02-20 19:23:41Z INFO ConfigurationStore] HasCredentials()
[2026-02-20 19:23:41Z INFO ConfigurationStore] stored True
[2026-02-20 19:23:41Z INFO CredentialManager] GetCredentialProvider
[2026-02-20 19:23:41Z INFO CredentialManager] Creating type OAuth
[2026-02-20 19:23:41Z INFO CredentialManager] Creating credential type: OAuth
[2026-02-20 19:23:41Z INFO RSAEncryptedFileKeyManager] Loading RSA key parameters from file C:\Users\jramos\Desktop\mold-change-dashboard motus\runner\.credentials_rsaparams
[2026-02-20 19:24:32Z INFO ConfigurationStore] HasCredentials()
[2026-02-20 19:24:32Z INFO ConfigurationStore] stored True
[2026-02-20 19:24:32Z INFO CredentialManager] GetCredentialProvider
[2026-02-20 19:24:32Z INFO CredentialManager] Creating type OAuth
[2026-02-20 19:24:32Z INFO CredentialManager] Creating credential type: OAuth
[2026-02-20 19:24:32Z INFO RSAEncryptedFileKeyManager] Loading RSA key parameters from file C:\Users\jramos\Desktop\mold-change-dashboard motus\runner\.credentials_rsaparams
[2026-02-20 19:25:22Z INFO ConfigurationStore] HasCredentials()
[2026-02-20 19:25:22Z INFO ConfigurationStore] stored True
[2026-02-20 19:25:22Z INFO CredentialManager] GetCredentialProvider
[2026-02-20 19:25:22Z INFO CredentialManager] Creating type OAuth
[2026-02-20 19:25:22Z INFO CredentialManager] Creating credential type: OAuth
[2026-02-20 19:25:22Z INFO RSAEncryptedFileKeyManager] Loading RSA key parameters from file C:\Users\jramos\Desktop\mold-change-dashboard motus\runner\.credentials_rsaparams
[2026-02-20 19:26:12Z INFO ConfigurationStore] HasCredentials()
[2026-02-20 19:26:12Z INFO ConfigurationStore] stored True
[2026-02-20 19:26:12Z INFO CredentialManager] GetCredentialProvider
[2026-02-20 19:26:12Z INFO CredentialManager] Creating type OAuth
[2026-02-20 19:26:12Z INFO CredentialManager] Creating credential type: OAuth
[2026-02-20 19:26:12Z INFO RSAEncryptedFileKeyManager] Loading RSA key parameters from file C:\Users\jramos\Desktop\mold-change-dashboard motus\runner\.credentials_rsaparams
[2026-02-20 19:27:03Z INFO ConfigurationStore] HasCredentials()
[2026-02-20 19:27:03Z INFO ConfigurationStore] stored True
[2026-02-20 19:27:03Z INFO CredentialManager] GetCredentialProvider
[2026-02-20 19:27:03Z INFO CredentialManager] Creating type OAuth
[2026-02-20 19:27:03Z INFO CredentialManager] Creating credential type: OAuth
[2026-02-20 19:27:03Z INFO RSAEncryptedFileKeyManager] Loading RSA key parameters from file C:\Users\jramos\Desktop\mold-change-dashboard motus\runner\.credentials_rsaparams
[2026-02-20 19:27:53Z INFO ConfigurationStore] HasCredentials()
[2026-02-20 19:27:53Z INFO ConfigurationStore] stored True
[2026-02-20 19:27:53Z INFO CredentialManager] GetCredentialProvider
[2026-02-20 19:27:53Z INFO CredentialManager] Creating type OAuth
[2026-02-20 19:27:53Z INFO CredentialManager] Creating credential type: OAuth
[2026-02-20 19:27:53Z INFO RSAEncryptedFileKeyManager] Loading RSA key parameters from file C:\Users\jramos\Desktop\mold-change-dashboard motus\runner\.credentials_rsaparams
[2026-02-20 19:28:43Z INFO ConfigurationStore] HasCredentials()
[2026-02-20 19:28:43Z INFO ConfigurationStore] stored True
[2026-02-20 19:28:43Z INFO CredentialManager] GetCredentialProvider
[2026-02-20 19:28:43Z INFO CredentialManager] Creating type OAuth
[2026-02-20 19:28:43Z INFO CredentialManager] Creating credential type: OAuth
[2026-02-20 19:28:43Z INFO RSAEncryptedFileKeyManager] Loading RSA key parameters from file C:\Users\jramos\Desktop\mold-change-dashboard motus\runner\.credentials_rsaparams
[2026-02-20 19:29:34Z INFO ConfigurationStore] HasCredentials()
[2026-02-20 19:29:34Z INFO ConfigurationStore] stored True
[2026-02-20 19:29:34Z INFO CredentialManager] GetCredentialProvider
[2026-02-20 19:29:34Z INFO CredentialManager] Creating type OAuth
[2026-02-20 19:29:34Z INFO CredentialManager] Creating credential type: OAuth
[2026-02-20 19:29:34Z INFO RSAEncryptedFileKeyManager] Loading RSA key parameters from file C:\Users\jramos\Desktop\mold-change-dashboard motus\runner\.credentials_rsaparams
[2026-02-20 19:30:24Z INFO ConfigurationStore] HasCredentials()
[2026-02-20 19:30:24Z INFO ConfigurationStore] stored True
[2026-02-20 19:30:24Z INFO CredentialManager] GetCredentialProvider
[2026-02-20 19:30:24Z INFO CredentialManager] Creating type OAuth
[2026-02-20 19:30:24Z INFO CredentialManager] Creating credential type: OAuth
[2026-02-20 19:30:24Z INFO RSAEncryptedFileKeyManager] Loading RSA key parameters from file C:\Users\jramos\Desktop\mold-change-dashboard motus\runner\.credentials_rsaparams
[2026-02-20 19:31:14Z INFO ConfigurationStore] HasCredentials()
[2026-02-20 19:31:14Z INFO ConfigurationStore] stored True
[2026-02-20 19:31:14Z INFO CredentialManager] GetCredentialProvider
[2026-02-20 19:31:14Z INFO CredentialManager] Creating type OAuth
[2026-02-20 19:31:14Z INFO CredentialManager] Creating credential type: OAuth
[2026-02-20 19:31:14Z INFO RSAEncryptedFileKeyManager] Loading RSA key parameters from file C:\Users\jramos\Desktop\mold-change-dashboard motus\runner\.credentials_rsaparams
[2026-02-20 19:32:05Z INFO ConfigurationStore] HasCredentials()
[2026-02-20 19:32:05Z INFO ConfigurationStore] stored True
[2026-02-20 19:32:05Z INFO CredentialManager] GetCredentialProvider
[2026-02-20 19:32:05Z INFO CredentialManager] Creating type OAuth
[2026-02-20 19:32:05Z INFO CredentialManager] Creating credential type: OAuth
[2026-02-20 19:32:05Z INFO RSAEncryptedFileKeyManager] Loading RSA key parameters from file C:\Users\jramos\Desktop\mold-change-dashboard motus\runner\.credentials_rsaparams
[2026-02-20 19:32:55Z INFO ConfigurationStore] HasCredentials()
[2026-02-20 19:32:55Z INFO ConfigurationStore] stored True
[2026-02-20 19:32:55Z INFO CredentialManager] GetCredentialProvider
[2026-02-20 19:32:55Z INFO CredentialManager] Creating type OAuth
[2026-02-20 19:32:55Z INFO CredentialManager] Creating credential type: OAuth
[2026-02-20 19:32:55Z INFO RSAEncryptedFileKeyManager] Loading RSA key parameters from file C:\Users\jramos\Desktop\mold-change-dashboard motus\runner\.credentials_rsaparams
[2026-02-20 19:33:45Z INFO ConfigurationStore] HasCredentials()
[2026-02-20 19:33:45Z INFO ConfigurationStore] stored True
[2026-02-20 19:33:45Z INFO CredentialManager] GetCredentialProvider
[2026-02-20 19:33:45Z INFO CredentialManager] Creating type OAuth
[2026-02-20 19:33:45Z INFO CredentialManager] Creating credential type: OAuth
[2026-02-20 19:33:45Z INFO RSAEncryptedFileKeyManager] Loading RSA key parameters from file C:\Users\jramos\Desktop\mold-change-dashboard motus\runner\.credentials_rsaparams
[2026-02-20 19:34:35Z INFO ConfigurationStore] HasCredentials()
[2026-02-20 19:34:35Z INFO ConfigurationStore] stored True
[2026-02-20 19:34:35Z INFO CredentialManager] GetCredentialProvider
[2026-02-20 19:34:35Z INFO CredentialManager] Creating type OAuth
[2026-02-20 19:34:35Z INFO CredentialManager] Creating credential type: OAuth
[2026-02-20 19:34:35Z INFO RSAEncryptedFileKeyManager] Loading RSA key parameters from file C:\Users\jramos\Desktop\mold-change-dashboard motus\runner\.credentials_rsaparams
[2026-02-20 19:35:26Z INFO ConfigurationStore] HasCredentials()
[2026-02-20 19:35:26Z INFO ConfigurationStore] stored True
[2026-02-20 19:35:26Z INFO CredentialManager] GetCredentialProvider
[2026-02-20 19:35:26Z INFO CredentialManager] Creating type OAuth
[2026-02-20 19:35:26Z INFO CredentialManager] Creating credential type: OAuth
[2026-02-20 19:35:26Z INFO RSAEncryptedFileKeyManager] Loading RSA key parameters from file C:\Users\jramos\Desktop\mold-change-dashboard motus\runner\.credentials_rsaparams
[2026-02-20 19:36:16Z INFO ConfigurationStore] HasCredentials()
[2026-02-20 19:36:16Z INFO ConfigurationStore] stored True
[2026-02-20 19:36:16Z INFO CredentialManager] GetCredentialProvider
[2026-02-20 19:36:16Z INFO CredentialManager] Creating type OAuth
[2026-02-20 19:36:16Z INFO CredentialManager] Creating credential type: OAuth
[2026-02-20 19:36:16Z INFO RSAEncryptedFileKeyManager] Loading RSA key parameters from file C:\Users\jramos\Desktop\mold-change-dashboard motus\runner\.credentials_rsaparams
[2026-02-20 19:37:06Z INFO ConfigurationStore] HasCredentials()
[2026-02-20 19:37:06Z INFO ConfigurationStore] stored True
[2026-02-20 19:37:06Z INFO CredentialManager] GetCredentialProvider
[2026-02-20 19:37:06Z INFO CredentialManager] Creating type OAuth
[2026-02-20 19:37:06Z INFO CredentialManager] Creating credential type: OAuth
[2026-02-20 19:37:06Z INFO RSAEncryptedFileKeyManager] Loading RSA key parameters from file C:\Users\jramos\Desktop\mold-change-dashboard motus\runner\.credentials_rsaparams
[2026-02-20 19:37:57Z INFO ConfigurationStore] HasCredentials()
[2026-02-20 19:37:57Z INFO ConfigurationStore] stored True
[2026-02-20 19:37:57Z INFO CredentialManager] GetCredentialProvider
[2026-02-20 19:37:57Z INFO CredentialManager] Creating type OAuth
[2026-02-20 19:37:57Z INFO CredentialManager] Creating credential type: OAuth
[2026-02-20 19:37:57Z INFO RSAEncryptedFileKeyManager] Loading RSA key parameters from file C:\Users\jramos\Desktop\mold-change-dashboard motus\runner\.credentials_rsaparams
[2026-02-20 19:38:47Z INFO ConfigurationStore] HasCredentials()
[2026-02-20 19:38:47Z INFO ConfigurationStore] stored True
[2026-02-20 19:38:47Z INFO CredentialManager] GetCredentialProvider
[2026-02-20 19:38:47Z INFO CredentialManager] Creating type OAuth
[2026-02-20 19:38:47Z INFO CredentialManager] Creating credential type: OAuth
[2026-02-20 19:38:47Z INFO RSAEncryptedFileKeyManager] Loading RSA key parameters from file C:\Users\jramos\Desktop\mold-change-dashboard motus\runner\.credentials_rsaparams
[2026-02-20 19:39:37Z INFO ConfigurationStore] HasCredentials()
[2026-02-20 19:39:37Z INFO ConfigurationStore] stored True
[2026-02-20 19:39:37Z INFO CredentialManager] GetCredentialProvider
[2026-02-20 19:39:37Z INFO CredentialManager] Creating type OAuth
[2026-02-20 19:39:37Z INFO CredentialManager] Creating credential type: OAuth
[2026-02-20 19:39:37Z INFO RSAEncryptedFileKeyManager] Loading RSA key parameters from file C:\Users\jramos\Desktop\mold-change-dashboard motus\runner\.credentials_rsaparams
[2026-02-20 19:40:28Z INFO ConfigurationStore] HasCredentials()
[2026-02-20 19:40:28Z INFO ConfigurationStore] stored True
[2026-02-20 19:40:28Z INFO CredentialManager] GetCredentialProvider
[2026-02-20 19:40:28Z INFO CredentialManager] Creating type OAuth
[2026-02-20 19:40:28Z INFO CredentialManager] Creating credential type: OAuth
[2026-02-20 19:40:28Z INFO RSAEncryptedFileKeyManager] Loading RSA key parameters from file C:\Users\jramos\Desktop\mold-change-dashboard motus\runner\.credentials_rsaparams
[2026-02-20 19:41:18Z INFO ConfigurationStore] HasCredentials()
[2026-02-20 19:41:18Z INFO ConfigurationStore] stored True
[2026-02-20 19:41:18Z INFO CredentialManager] GetCredentialProvider
[2026-02-20 19:41:18Z INFO CredentialManager] Creating type OAuth
[2026-02-20 19:41:18Z INFO CredentialManager] Creating credential type: OAuth
[2026-02-20 19:41:18Z INFO RSAEncryptedFileKeyManager] Loading RSA key parameters from file C:\Users\jramos\Desktop\mold-change-dashboard motus\runner\.credentials_rsaparams
[2026-02-20 19:42:08Z INFO ConfigurationStore] HasCredentials()
[2026-02-20 19:42:08Z INFO ConfigurationStore] stored True
[2026-02-20 19:42:08Z INFO CredentialManager] GetCredentialProvider
[2026-02-20 19:42:08Z INFO CredentialManager] Creating type OAuth
[2026-02-20 19:42:08Z INFO CredentialManager] Creating credential type: OAuth
[2026-02-20 19:42:08Z INFO RSAEncryptedFileKeyManager] Loading RSA key parameters from file C:\Users\jramos\Desktop\mold-change-dashboard motus\runner\.credentials_rsaparams
[2026-02-20 19:42:40Z INFO MessageListener] Message '3298833120652565641' received from session 'c8d56065-9e80-45e4-8662-323ea79bf0b9'.
[2026-02-20 19:42:40Z INFO MessageListener] Acknowledging runner request '50eb3582-ae1e-5a23-9161-e04fecabcdfb'.
[2026-02-20 19:42:40Z INFO ConfigurationStore] HasCredentials()
[2026-02-20 19:42:40Z INFO ConfigurationStore] stored True
[2026-02-20 19:42:40Z INFO CredentialManager] GetCredentialProvider
[2026-02-20 19:42:40Z INFO CredentialManager] Creating type OAuth
[2026-02-20 19:42:40Z INFO CredentialManager] Creating credential type: OAuth
[2026-02-20 19:42:40Z INFO RSAEncryptedFileKeyManager] Loading RSA key parameters from file C:\Users\jramos\Desktop\mold-change-dashboard motus\runner\.credentials_rsaparams
[2026-02-20 19:42:40Z INFO RSAEncryptedFileKeyManager] Loading RSA key parameters from file C:\Users\jramos\Desktop\mold-change-dashboard motus\runner\.credentials_rsaparams
[2026-02-20 19:42:40Z INFO RSAEncryptedFileKeyManager] Loading RSA key parameters from file C:\Users\jramos\Desktop\mold-change-dashboard motus\runner\.credentials_rsaparams
[2026-02-20 19:42:41Z INFO GitHubActionsService] AAD Correlation ID for this token request: Unknown
[2026-02-20 19:42:42Z INFO JobDispatcher] Job request 0 for plan f634c96b-93fa-4fcb-af43-154d7e46c105 job 50eb3582-ae1e-5a23-9161-e04fecabcdfb received.
[2026-02-20 19:42:42Z INFO JobDispatcher] Pull OrchestrationId f634c96b-93fa-4fcb-af43-154d7e46c105.deploy.__default from JWT claims
[2026-02-20 19:42:42Z INFO MessageListener] Received job status event. JobState: Busy
[2026-02-20 19:42:42Z INFO MessageListener] _getMessagesTokenSource is already disposed.
[2026-02-20 19:42:42Z INFO Terminal] WRITE LINE: 2026-02-20 19:42:42Z: Running job: deploy
[2026-02-20 19:42:42Z INFO JobDispatcher] Start renew job request 0 for job 50eb3582-ae1e-5a23-9161-e04fecabcdfb.
[2026-02-20 19:42:43Z INFO JobDispatcher] Successfully renew job 50eb3582-ae1e-5a23-9161-e04fecabcdfb, job is valid till 2/20/2026 7:52:43 PM
[2026-02-20 19:42:43Z INFO HostContext] Well known directory 'Bin': 'C:\Users\jramos\Desktop\mold-change-dashboard motus\runner\bin'
[2026-02-20 19:42:43Z INFO ProcessInvokerWrapper] Starting process:
[2026-02-20 19:42:43Z INFO ProcessInvokerWrapper]   File name: 'C:\Users\jramos\Desktop\mold-change-dashboard motus\runner\bin\Runner.Worker.exe'
[2026-02-20 19:42:43Z INFO ProcessInvokerWrapper]   Arguments: 'spawnclient 2148 1552'
[2026-02-20 19:42:43Z INFO ProcessInvokerWrapper]   Working directory: 'C:\Users\jramos\Desktop\mold-change-dashboard motus\runner\bin'
[2026-02-20 19:42:43Z INFO ProcessInvokerWrapper]   Require exit code zero: 'False'
[2026-02-20 19:42:43Z INFO ProcessInvokerWrapper]   Encoding web name:  ; code page: ''
[2026-02-20 19:42:43Z INFO ProcessInvokerWrapper]   Force kill process on cancellation: 'True'
[2026-02-20 19:42:43Z INFO ProcessInvokerWrapper]   Redirected STDIN: 'False'
[2026-02-20 19:42:43Z INFO ProcessInvokerWrapper]   Persist current code page: 'False'
[2026-02-20 19:42:43Z INFO ProcessInvokerWrapper]   Keep redirected STDIN open: 'False'
[2026-02-20 19:42:43Z INFO ProcessInvokerWrapper]   High priority process: 'True'
[2026-02-20 19:42:43Z INFO ProcessInvokerWrapper] Process started with process id 41512, waiting for process exit.
[2026-02-20 19:42:43Z INFO JobDispatcher] Send job request message to worker for job 50eb3582-ae1e-5a23-9161-e04fecabcdfb.
[2026-02-20 19:42:43Z INFO ProcessChannel] Sending message of length 19738, with hash 'c9a052b8b5a535b7cab7a72e3e9af9b939fdd5c6e28fcc3a9f228cf9685f757a'
[2026-02-20 19:42:43Z INFO JobNotification] Entering JobStarted Notification
[2026-02-20 19:42:43Z INFO JobNotification] Entering StartMonitor
[2026-02-20 19:42:44Z INFO ConfigurationStore] HasCredentials()
[2026-02-20 19:42:44Z INFO ConfigurationStore] stored True
[2026-02-20 19:42:44Z INFO CredentialManager] GetCredentialProvider
[2026-02-20 19:42:44Z INFO CredentialManager] Creating type OAuth
[2026-02-20 19:42:44Z INFO CredentialManager] Creating credential type: OAuth
[2026-02-20 19:42:44Z INFO RSAEncryptedFileKeyManager] Loading RSA key parameters from file C:\Users\jramos\Desktop\mold-change-dashboard motus\runner\.credentials_rsaparams
[2026-02-20 19:42:47Z INFO ProcessInvokerWrapper] STDOUT/STDERR stream read finished.
[2026-02-20 19:42:47Z INFO ProcessInvokerWrapper] STDOUT/STDERR stream read finished.
[2026-02-20 19:42:47Z INFO ProcessInvokerWrapper] Finished process 41512 with exit code 102, and elapsed time 00:00:04.2817668.
[2026-02-20 19:42:47Z INFO JobDispatcher] Worker finished for job 50eb3582-ae1e-5a23-9161-e04fecabcdfb. Code: 102
[2026-02-20 19:42:47Z INFO JobDispatcher] finish job request for job 50eb3582-ae1e-5a23-9161-e04fecabcdfb with result: Failed
[2026-02-20 19:42:47Z INFO Terminal] WRITE LINE: 2026-02-20 19:42:47Z: Job deploy completed with result: Failed
[2026-02-20 19:42:47Z INFO JobDispatcher] Stop renew job request for job 50eb3582-ae1e-5a23-9161-e04fecabcdfb.
[2026-02-20 19:42:47Z INFO JobDispatcher] job renew has been cancelled, stop renew job 50eb3582-ae1e-5a23-9161-e04fecabcdfb.
[2026-02-20 19:42:47Z INFO JobNotification] Entering JobCompleted Notification
[2026-02-20 19:42:47Z INFO JobNotification] Entering EndMonitor
[2026-02-20 19:42:47Z INFO MessageListener] Received job status event. JobState: Online
[2026-02-20 19:43:34Z INFO ConfigurationStore] HasCredentials()
[2026-02-20 19:43:34Z INFO ConfigurationStore] stored True
[2026-02-20 19:43:34Z INFO CredentialManager] GetCredentialProvider
[2026-02-20 19:43:34Z INFO CredentialManager] Creating type OAuth
[2026-02-20 19:43:34Z INFO CredentialManager] Creating credential type: OAuth
[2026-02-20 19:43:34Z INFO RSAEncryptedFileKeyManager] Loading RSA key parameters from file C:\Users\jramos\Desktop\mold-change-dashboard motus\runner\.credentials_rsaparams
[2026-02-20 19:44:24Z INFO ConfigurationStore] HasCredentials()
[2026-02-20 19:44:24Z INFO ConfigurationStore] stored True
[2026-02-20 19:44:24Z INFO CredentialManager] GetCredentialProvider
[2026-02-20 19:44:24Z INFO CredentialManager] Creating type OAuth
[2026-02-20 19:44:24Z INFO CredentialManager] Creating credential type: OAuth
[2026-02-20 19:44:24Z INFO RSAEncryptedFileKeyManager] Loading RSA key parameters from file C:\Users\jramos\Desktop\mold-change-dashboard motus\runner\.credentials_rsaparams
[2026-02-20 19:45:15Z INFO ConfigurationStore] HasCredentials()
[2026-02-20 19:45:15Z INFO ConfigurationStore] stored True
[2026-02-20 19:45:15Z INFO CredentialManager] GetCredentialProvider
[2026-02-20 19:45:15Z INFO CredentialManager] Creating type OAuth
[2026-02-20 19:45:15Z INFO CredentialManager] Creating credential type: OAuth
[2026-02-20 19:45:15Z INFO RSAEncryptedFileKeyManager] Loading RSA key parameters from file C:\Users\jramos\Desktop\mold-change-dashboard motus\runner\.credentials_rsaparams
[2026-02-20 19:46:05Z INFO ConfigurationStore] HasCredentials()
[2026-02-20 19:46:05Z INFO ConfigurationStore] stored True
[2026-02-20 19:46:05Z INFO CredentialManager] GetCredentialProvider
[2026-02-20 19:46:05Z INFO CredentialManager] Creating type OAuth
[2026-02-20 19:46:05Z INFO CredentialManager] Creating credential type: OAuth
[2026-02-20 19:46:05Z INFO RSAEncryptedFileKeyManager] Loading RSA key parameters from file C:\Users\jramos\Desktop\mold-change-dashboard motus\runner\.credentials_rsaparams
[2026-02-20 19:46:55Z INFO ConfigurationStore] HasCredentials()
[2026-02-20 19:46:55Z INFO ConfigurationStore] stored True
[2026-02-20 19:46:55Z INFO CredentialManager] GetCredentialProvider
[2026-02-20 19:46:55Z INFO CredentialManager] Creating type OAuth
[2026-02-20 19:46:55Z INFO CredentialManager] Creating credential type: OAuth
[2026-02-20 19:46:55Z INFO RSAEncryptedFileKeyManager] Loading RSA key parameters from file C:\Users\jramos\Desktop\mold-change-dashboard motus\runner\.credentials_rsaparams
[2026-02-20 19:47:46Z INFO ConfigurationStore] HasCredentials()
[2026-02-20 19:47:46Z INFO ConfigurationStore] stored True
[2026-02-20 19:47:46Z INFO CredentialManager] GetCredentialProvider
[2026-02-20 19:47:46Z INFO CredentialManager] Creating type OAuth
[2026-02-20 19:47:46Z INFO CredentialManager] Creating credential type: OAuth
[2026-02-20 19:47:46Z INFO RSAEncryptedFileKeyManager] Loading RSA key parameters from file C:\Users\jramos\Desktop\mold-change-dashboard motus\runner\.credentials_rsaparams
[2026-02-20 19:48:36Z INFO ConfigurationStore] HasCredentials()
[2026-02-20 19:48:36Z INFO ConfigurationStore] stored True
[2026-02-20 19:48:36Z INFO CredentialManager] GetCredentialProvider
[2026-02-20 19:48:36Z INFO CredentialManager] Creating type OAuth
[2026-02-20 19:48:36Z INFO CredentialManager] Creating credential type: OAuth
[2026-02-20 19:48:36Z INFO RSAEncryptedFileKeyManager] Loading RSA key parameters from file C:\Users\jramos\Desktop\mold-change-dashboard motus\runner\.credentials_rsaparams
[2026-02-20 19:49:26Z INFO ConfigurationStore] HasCredentials()
[2026-02-20 19:49:26Z INFO ConfigurationStore] stored True
[2026-02-20 19:49:26Z INFO CredentialManager] GetCredentialProvider
[2026-02-20 19:49:26Z INFO CredentialManager] Creating type OAuth
[2026-02-20 19:49:26Z INFO CredentialManager] Creating credential type: OAuth
[2026-02-20 19:49:26Z INFO RSAEncryptedFileKeyManager] Loading RSA key parameters from file C:\Users\jramos\Desktop\mold-change-dashboard motus\runner\.credentials_rsaparams
[2026-02-20 19:50:16Z INFO ConfigurationStore] HasCredentials()
[2026-02-20 19:50:16Z INFO ConfigurationStore] stored True
[2026-02-20 19:50:16Z INFO CredentialManager] GetCredentialProvider
[2026-02-20 19:50:16Z INFO CredentialManager] Creating type OAuth
[2026-02-20 19:50:16Z INFO CredentialManager] Creating credential type: OAuth
[2026-02-20 19:50:16Z INFO RSAEncryptedFileKeyManager] Loading RSA key parameters from file C:\Users\jramos\Desktop\mold-change-dashboard motus\runner\.credentials_rsaparams
[2026-02-20 19:51:07Z INFO ConfigurationStore] HasCredentials()
[2026-02-20 19:51:07Z INFO ConfigurationStore] stored True
[2026-02-20 19:51:07Z INFO CredentialManager] GetCredentialProvider
[2026-02-20 19:51:07Z INFO CredentialManager] Creating type OAuth
[2026-02-20 19:51:07Z INFO CredentialManager] Creating credential type: OAuth
[2026-02-20 19:51:07Z INFO RSAEncryptedFileKeyManager] Loading RSA key parameters from file C:\Users\jramos\Desktop\mold-change-dashboard motus\runner\.credentials_rsaparams
[2026-02-20 19:51:57Z INFO ConfigurationStore] HasCredentials()
[2026-02-20 19:51:57Z INFO ConfigurationStore] stored True
[2026-02-20 19:51:57Z INFO CredentialManager] GetCredentialProvider
[2026-02-20 19:51:57Z INFO CredentialManager] Creating type OAuth
[2026-02-20 19:51:57Z INFO CredentialManager] Creating credential type: OAuth
[2026-02-20 19:51:57Z INFO RSAEncryptedFileKeyManager] Loading RSA key parameters from file C:\Users\jramos\Desktop\mold-change-dashboard motus\runner\.credentials_rsaparams
[2026-02-20 19:52:47Z INFO ConfigurationStore] HasCredentials()
[2026-02-20 19:52:47Z INFO ConfigurationStore] stored True
[2026-02-20 19:52:47Z INFO CredentialManager] GetCredentialProvider
[2026-02-20 19:52:47Z INFO CredentialManager] Creating type OAuth
[2026-02-20 19:52:47Z INFO CredentialManager] Creating credential type: OAuth
[2026-02-20 19:52:47Z INFO RSAEncryptedFileKeyManager] Loading RSA key parameters from file C:\Users\jramos\Desktop\mold-change-dashboard motus\runner\.credentials_rsaparams
[2026-02-20 19:53:38Z INFO ConfigurationStore] HasCredentials()
[2026-02-20 19:53:38Z INFO ConfigurationStore] stored True
[2026-02-20 19:53:38Z INFO CredentialManager] GetCredentialProvider
[2026-02-20 19:53:38Z INFO CredentialManager] Creating type OAuth
[2026-02-20 19:53:38Z INFO CredentialManager] Creating credential type: OAuth
[2026-02-20 19:53:38Z INFO RSAEncryptedFileKeyManager] Loading RSA key parameters from file C:\Users\jramos\Desktop\mold-change-dashboard motus\runner\.credentials_rsaparams
[2026-02-20 19:54:28Z INFO ConfigurationStore] HasCredentials()
[2026-02-20 19:54:28Z INFO ConfigurationStore] stored True
[2026-02-20 19:54:28Z INFO CredentialManager] GetCredentialProvider
[2026-02-20 19:54:28Z INFO CredentialManager] Creating type OAuth
[2026-02-20 19:54:28Z INFO CredentialManager] Creating credential type: OAuth
[2026-02-20 19:54:28Z INFO RSAEncryptedFileKeyManager] Loading RSA key parameters from file C:\Users\jramos\Desktop\mold-change-dashboard motus\runner\.credentials_rsaparams
[2026-02-20 19:55:18Z INFO ConfigurationStore] HasCredentials()
[2026-02-20 19:55:18Z INFO ConfigurationStore] stored True
[2026-02-20 19:55:18Z INFO CredentialManager] GetCredentialProvider
[2026-02-20 19:55:18Z INFO CredentialManager] Creating type OAuth
[2026-02-20 19:55:18Z INFO CredentialManager] Creating credential type: OAuth
[2026-02-20 19:55:18Z INFO RSAEncryptedFileKeyManager] Loading RSA key parameters from file C:\Users\jramos\Desktop\mold-change-dashboard motus\runner\.credentials_rsaparams
[2026-02-20 19:56:09Z INFO ConfigurationStore] HasCredentials()
[2026-02-20 19:56:09Z INFO ConfigurationStore] stored True
[2026-02-20 19:56:09Z INFO CredentialManager] GetCredentialProvider
[2026-02-20 19:56:09Z INFO CredentialManager] Creating type OAuth
[2026-02-20 19:56:09Z INFO CredentialManager] Creating credential type: OAuth
[2026-02-20 19:56:09Z INFO RSAEncryptedFileKeyManager] Loading RSA key parameters from file C:\Users\jramos\Desktop\mold-change-dashboard motus\runner\.credentials_rsaparams
[2026-02-20 19:56:59Z INFO ConfigurationStore] HasCredentials()
[2026-02-20 19:56:59Z INFO ConfigurationStore] stored True
[2026-02-20 19:56:59Z INFO CredentialManager] GetCredentialProvider
[2026-02-20 19:56:59Z INFO CredentialManager] Creating type OAuth
[2026-02-20 19:56:59Z INFO CredentialManager] Creating credential type: OAuth
[2026-02-20 19:56:59Z INFO RSAEncryptedFileKeyManager] Loading RSA key parameters from file C:\Users\jramos\Desktop\mold-change-dashboard motus\runner\.credentials_rsaparams
[2026-02-20 19:57:49Z INFO ConfigurationStore] HasCredentials()
[2026-02-20 19:57:49Z INFO ConfigurationStore] stored True
[2026-02-20 19:57:49Z INFO CredentialManager] GetCredentialProvider
[2026-02-20 19:57:49Z INFO CredentialManager] Creating type OAuth
[2026-02-20 19:57:49Z INFO CredentialManager] Creating credential type: OAuth
[2026-02-20 19:57:49Z INFO RSAEncryptedFileKeyManager] Loading RSA key parameters from file C:\Users\jramos\Desktop\mold-change-dashboard motus\runner\.credentials_rsaparams
[2026-02-20 19:58:39Z INFO ConfigurationStore] HasCredentials()
[2026-02-20 19:58:39Z INFO ConfigurationStore] stored True
[2026-02-20 19:58:39Z INFO CredentialManager] GetCredentialProvider
[2026-02-20 19:58:39Z INFO CredentialManager] Creating type OAuth
[2026-02-20 19:58:39Z INFO CredentialManager] Creating credential type: OAuth
[2026-02-20 19:58:39Z INFO RSAEncryptedFileKeyManager] Loading RSA key parameters from file C:\Users\jramos\Desktop\mold-change-dashboard motus\runner\.credentials_rsaparams
[2026-02-20 19:59:30Z INFO ConfigurationStore] HasCredentials()
[2026-02-20 19:59:30Z INFO ConfigurationStore] stored True
[2026-02-20 19:59:30Z INFO CredentialManager] GetCredentialProvider
[2026-02-20 19:59:30Z INFO CredentialManager] Creating type OAuth
[2026-02-20 19:59:30Z INFO CredentialManager] Creating credential type: OAuth
[2026-02-20 19:59:30Z INFO RSAEncryptedFileKeyManager] Loading RSA key parameters from file C:\Users\jramos\Desktop\mold-change-dashboard motus\runner\.credentials_rsaparams
[2026-02-20 20:00:20Z INFO ConfigurationStore] HasCredentials()
[2026-02-20 20:00:20Z INFO ConfigurationStore] stored True
[2026-02-20 20:00:20Z INFO CredentialManager] GetCredentialProvider
[2026-02-20 20:00:20Z INFO CredentialManager] Creating type OAuth
[2026-02-20 20:00:20Z INFO CredentialManager] Creating credential type: OAuth
[2026-02-20 20:00:20Z INFO RSAEncryptedFileKeyManager] Loading RSA key parameters from file C:\Users\jramos\Desktop\mold-change-dashboard motus\runner\.credentials_rsaparams
[2026-02-20 20:01:10Z INFO ConfigurationStore] HasCredentials()
[2026-02-20 20:01:10Z INFO ConfigurationStore] stored True
[2026-02-20 20:01:10Z INFO CredentialManager] GetCredentialProvider
[2026-02-20 20:01:10Z INFO CredentialManager] Creating type OAuth
[2026-02-20 20:01:10Z INFO CredentialManager] Creating credential type: OAuth
[2026-02-20 20:01:10Z INFO RSAEncryptedFileKeyManager] Loading RSA key parameters from file C:\Users\jramos\Desktop\mold-change-dashboard motus\runner\.credentials_rsaparams
[2026-02-20 20:02:01Z INFO ConfigurationStore] HasCredentials()
[2026-02-20 20:02:01Z INFO ConfigurationStore] stored True
[2026-02-20 20:02:01Z INFO CredentialManager] GetCredentialProvider
[2026-02-20 20:02:01Z INFO CredentialManager] Creating type OAuth
[2026-02-20 20:02:01Z INFO CredentialManager] Creating credential type: OAuth
[2026-02-20 20:02:01Z INFO RSAEncryptedFileKeyManager] Loading RSA key parameters from file C:\Users\jramos\Desktop\mold-change-dashboard motus\runner\.credentials_rsaparams
[2026-02-20 20:02:51Z INFO ConfigurationStore] HasCredentials()
[2026-02-20 20:02:51Z INFO ConfigurationStore] stored True
[2026-02-20 20:02:51Z INFO CredentialManager] GetCredentialProvider
[2026-02-20 20:02:51Z INFO CredentialManager] Creating type OAuth
[2026-02-20 20:02:51Z INFO CredentialManager] Creating credential type: OAuth
[2026-02-20 20:02:51Z INFO RSAEncryptedFileKeyManager] Loading RSA key parameters from file C:\Users\jramos\Desktop\mold-change-dashboard motus\runner\.credentials_rsaparams
[2026-02-20 20:03:42Z INFO ConfigurationStore] HasCredentials()
[2026-02-20 20:03:42Z INFO ConfigurationStore] stored True
[2026-02-20 20:03:42Z INFO CredentialManager] GetCredentialProvider
[2026-02-20 20:03:42Z INFO CredentialManager] Creating type OAuth
[2026-02-20 20:03:42Z INFO CredentialManager] Creating credential type: OAuth
[2026-02-20 20:03:42Z INFO RSAEncryptedFileKeyManager] Loading RSA key parameters from file C:\Users\jramos\Desktop\mold-change-dashboard motus\runner\.credentials_rsaparams
[2026-02-20 20:04:32Z INFO ConfigurationStore] HasCredentials()
[2026-02-20 20:04:32Z INFO ConfigurationStore] stored True
[2026-02-20 20:04:32Z INFO CredentialManager] GetCredentialProvider
[2026-02-20 20:04:32Z INFO CredentialManager] Creating type OAuth
[2026-02-20 20:04:32Z INFO CredentialManager] Creating credential type: OAuth
[2026-02-20 20:04:32Z INFO RSAEncryptedFileKeyManager] Loading RSA key parameters from file C:\Users\jramos\Desktop\mold-change-dashboard motus\runner\.credentials_rsaparams
[2026-02-20 20:05:22Z INFO ConfigurationStore] HasCredentials()
[2026-02-20 20:05:22Z INFO ConfigurationStore] stored True
[2026-02-20 20:05:22Z INFO CredentialManager] GetCredentialProvider
[2026-02-20 20:05:22Z INFO CredentialManager] Creating type OAuth
[2026-02-20 20:05:22Z INFO CredentialManager] Creating credential type: OAuth
[2026-02-20 20:05:22Z INFO RSAEncryptedFileKeyManager] Loading RSA key parameters from file C:\Users\jramos\Desktop\mold-change-dashboard motus\runner\.credentials_rsaparams
[2026-02-20 20:06:12Z INFO ConfigurationStore] HasCredentials()
[2026-02-20 20:06:12Z INFO ConfigurationStore] stored True
[2026-02-20 20:06:12Z INFO CredentialManager] GetCredentialProvider
[2026-02-20 20:06:12Z INFO CredentialManager] Creating type OAuth
[2026-02-20 20:06:12Z INFO CredentialManager] Creating credential type: OAuth
[2026-02-20 20:06:12Z INFO RSAEncryptedFileKeyManager] Loading RSA key parameters from file C:\Users\jramos\Desktop\mold-change-dashboard motus\runner\.credentials_rsaparams
[2026-02-20 20:07:03Z INFO ConfigurationStore] HasCredentials()
[2026-02-20 20:07:03Z INFO ConfigurationStore] stored True
[2026-02-20 20:07:03Z INFO CredentialManager] GetCredentialProvider
[2026-02-20 20:07:03Z INFO CredentialManager] Creating type OAuth
[2026-02-20 20:07:03Z INFO CredentialManager] Creating credential type: OAuth
[2026-02-20 20:07:03Z INFO RSAEncryptedFileKeyManager] Loading RSA key parameters from file C:\Users\jramos\Desktop\mold-change-dashboard motus\runner\.credentials_rsaparams
[2026-02-20 20:07:53Z INFO ConfigurationStore] HasCredentials()
[2026-02-20 20:07:53Z INFO ConfigurationStore] stored True
[2026-02-20 20:07:53Z INFO CredentialManager] GetCredentialProvider
[2026-02-20 20:07:53Z INFO CredentialManager] Creating type OAuth
[2026-02-20 20:07:53Z INFO CredentialManager] Creating credential type: OAuth
[2026-02-20 20:07:53Z INFO RSAEncryptedFileKeyManager] Loading RSA key parameters from file C:\Users\jramos\Desktop\mold-change-dashboard motus\runner\.credentials_rsaparams
[2026-02-20 20:08:43Z INFO ConfigurationStore] HasCredentials()
[2026-02-20 20:08:43Z INFO ConfigurationStore] stored True
[2026-02-20 20:08:43Z INFO CredentialManager] GetCredentialProvider
[2026-02-20 20:08:43Z INFO CredentialManager] Creating type OAuth
[2026-02-20 20:08:43Z INFO CredentialManager] Creating credential type: OAuth
[2026-02-20 20:08:43Z INFO RSAEncryptedFileKeyManager] Loading RSA key parameters from file C:\Users\jramos\Desktop\mold-change-dashboard motus\runner\.credentials_rsaparams
[2026-02-20 20:09:34Z INFO ConfigurationStore] HasCredentials()
[2026-02-20 20:09:34Z INFO ConfigurationStore] stored True
[2026-02-20 20:09:34Z INFO CredentialManager] GetCredentialProvider
[2026-02-20 20:09:34Z INFO CredentialManager] Creating type OAuth
[2026-02-20 20:09:34Z INFO CredentialManager] Creating credential type: OAuth
[2026-02-20 20:09:34Z INFO RSAEncryptedFileKeyManager] Loading RSA key parameters from file C:\Users\jramos\Desktop\mold-change-dashboard motus\runner\.credentials_rsaparams
